\BOOKMARK [0][-]{chapter.1}{\376\377\000P\000L\000A\000N\000T\000E\000A\000M\000I\000E\000N\000T\000O\000\040\000D\000E\000L\000\040\000P\000R\000O\000B\000L\000E\000M\000A}{}% 1
\BOOKMARK [1][-]{section.1.1}{\376\377\000D\000e\000s\000c\000r\000i\000p\000c\000i\000\363\000n\000\040\000d\000e\000\040\000l\000a\000\040\000R\000e\000a\000l\000i\000d\000a\000d\000\040\000P\000r\000o\000b\000l\000e\000m\000\341\000t\000i\000c\000a}{chapter.1}% 2
\BOOKMARK [1][-]{section.1.2}{\376\377\000F\000o\000r\000m\000u\000l\000a\000c\000i\000\363\000n\000\040\000d\000e\000l\000\040\000P\000r\000o\000b\000l\000e\000m\000a}{chapter.1}% 3
\BOOKMARK [2][-]{subsection.1.2.1}{\376\377\000P\000r\000o\000b\000l\000e\000m\000a\000\040\000G\000e\000n\000e\000r\000a\000l}{section.1.2}% 4
\BOOKMARK [2][-]{subsection.1.2.2}{\376\377\000P\000r\000o\000b\000l\000e\000m\000a\000s\000\040\000E\000s\000p\000e\000c\000\355\000f\000i\000c\000o\000s}{section.1.2}% 5
\BOOKMARK [1][-]{section.1.3}{\376\377\000O\000b\000j\000e\000t\000i\000v\000o\000s\000\040\000d\000e\000\040\000l\000a\000\040\000I\000n\000v\000e\000s\000t\000i\000g\000a\000c\000i\000\363\000n}{chapter.1}% 6
\BOOKMARK [2][-]{subsection.1.3.1}{\376\377\000O\000b\000j\000e\000t\000i\000v\000o\000\040\000G\000e\000n\000e\000r\000a\000l}{section.1.3}% 7
\BOOKMARK [2][-]{subsection.1.3.2}{\376\377\000O\000b\000j\000e\000t\000i\000v\000o\000s\000\040\000E\000s\000p\000e\000c\000\355\000f\000i\000c\000o\000s}{section.1.3}% 8
\BOOKMARK [1][-]{section.1.4}{\376\377\000H\000i\000p\000\363\000t\000e\000s\000i\000s}{chapter.1}% 9
\BOOKMARK [2][-]{subsection.1.4.1}{\376\377\000H\000i\000p\000\363\000t\000e\000s\000i\000s\000\040\000G\000e\000n\000e\000r\000a\000l}{section.1.4}% 10
\BOOKMARK [2][-]{subsection.1.4.2}{\376\377\000H\000i\000p\000\363\000t\000e\000s\000i\000s\000\040\000E\000s\000p\000e\000c\000\355\000f\000i\000c\000a\000s}{section.1.4}% 11
\BOOKMARK [1][-]{section.1.5}{\376\377\000J\000u\000s\000t\000i\000f\000i\000c\000a\000c\000i\000\363\000n\000\040\000d\000e\000\040\000l\000a\000\040\000I\000n\000v\000e\000s\000t\000i\000g\000a\000c\000i\000\363\000n}{chapter.1}% 12
\BOOKMARK [2][-]{subsection.1.5.1}{\376\377\000T\000e\000\363\000r\000i\000c\000a}{section.1.5}% 13
\BOOKMARK [2][-]{subsection.1.5.2}{\376\377\000P\000r\000\341\000c\000t\000i\000c\000a}{section.1.5}% 14
\BOOKMARK [2][-]{subsection.1.5.3}{\376\377\000M\000e\000t\000o\000d\000o\000l\000\363\000g\000i\000c\000a}{section.1.5}% 15
\BOOKMARK [1][-]{section.1.6}{\376\377\000D\000e\000l\000i\000m\000i\000t\000a\000c\000i\000\363\000n\000\040\000d\000e\000l\000\040\000E\000s\000t\000u\000d\000i\000o}{chapter.1}% 16
\BOOKMARK [2][-]{subsection.1.6.1}{\376\377\000E\000s\000p\000a\000c\000i\000a\000l}{section.1.6}% 17
\BOOKMARK [2][-]{subsection.1.6.2}{\376\377\000T\000e\000m\000p\000o\000r\000a\000l}{section.1.6}% 18
\BOOKMARK [2][-]{subsection.1.6.3}{\376\377\000C\000o\000n\000c\000e\000p\000t\000u\000a\000l}{section.1.6}% 19
\BOOKMARK [2][-]{subsection.1.6.4}{\376\377\000M\000a\000t\000r\000i\000z\000\040\000d\000e\000\040\000C\000o\000n\000s\000i\000s\000t\000e\000n\000c\000i\000a}{section.1.6}% 20
\BOOKMARK [0][-]{chapter.2}{\376\377\000M\000A\000R\000C\000O\000\040\000T\000E\000\323\000R\000I\000C\000O}{}% 21
\BOOKMARK [1][-]{section.2.1}{\376\377\000A\000n\000t\000e\000c\000e\000d\000e\000n\000t\000e\000s\000\040\000d\000e\000\040\000l\000a\000\040\000i\000n\000v\000e\000s\000t\000i\000g\000a\000c\000i\000\363\000n}{chapter.2}% 22
\BOOKMARK [2][-]{subsection.2.1.1}{\376\377\000A\000\040\000C\000h\000a\000t\000b\000o\000t\000\040\000f\000o\000r\000\040\000I\000n\000f\000o\000r\000m\000a\000t\000i\000o\000n\000\040\000S\000e\000c\000u\000r\000i\000t\000y\000\040\000*\000p\000r\000A\000C\000h\000a\000t\000b\000o\000t\000f\000o\000r\000I\000n\000f\000o\000r\000m\000a\000t\000i\000o\000n\000S\000e\000c\000u\000r\000i\000t\000y}{section.2.1}% 23
\BOOKMARK [3][-]{subsubsection.2.1.1.1}{\376\377\000P\000l\000a\000n\000t\000e\000a\000m\000i\000e\000n\000t\000o\000\040\000d\000e\000l\000\040\000P\000r\000o\000b\000l\000e\000m\000a\000\040\000y\000\040\000o\000b\000j\000e\000t\000i\000v\000o\000\040}{subsection.2.1.1}% 24
\BOOKMARK [3][-]{subsubsection.2.1.1.2}{\376\377\000F\000u\000n\000d\000a\000m\000e\000n\000t\000o\000\040\000T\000e\000\363\000r\000i\000c\000o\000\040\000u\000s\000a\000d\000o\000\040\000p\000o\000r\000\040\000e\000l\000\040\000A\000u\000t\000o\000r}{subsection.2.1.1}% 25
\BOOKMARK [3][-]{subsubsection.2.1.1.3}{\376\377\000M\000e\000t\000o\000d\000o\000l\000o\000g\000\355\000a\000\040\000e\000m\000p\000l\000e\000a\000d\000a\000\040\000p\000o\000r\000\040\000l\000o\000s\000\040\000a\000u\000t\000o\000r\000e\000s}{subsection.2.1.1}% 26
\BOOKMARK [3][-]{subsubsection.2.1.1.4}{\376\377\000R\000e\000s\000u\000l\000t\000a\000d\000o\000s\000\040\000o\000b\000t\000e\000n\000i\000d\000o\000s}{subsection.2.1.1}% 27
\BOOKMARK [2][-]{subsection.2.1.2}{\376\377\000I\000m\000p\000l\000e\000m\000e\000n\000t\000a\000t\000i\000o\000n\000\040\000o\000f\000\040\000a\000\040\000c\000h\000a\000t\000b\000o\000t\000\040\000i\000n\000\040\000A\000z\000u\000r\000e\000\040\000i\000n\000t\000e\000g\000r\000a\000t\000e\000d\000\040\000w\000i\000t\000h\000\040\000T\000e\000a\000m\000s\000\040\000\046\000\040\000D\000y\000n\000a\000m\000i\000c\000s\000\040\000*\000t\000s\000I\000C\000A\000I\000T\000D}{section.2.1}% 28
\BOOKMARK [3][-]{subsubsection.2.1.2.1}{\376\377\000P\000l\000a\000n\000t\000e\000a\000m\000i\000e\000n\000t\000o\000\040\000d\000e\000l\000\040\000P\000r\000o\000b\000l\000e\000m\000a\000\040\000y\000\040\000o\000b\000j\000e\000t\000i\000v\000o\000\040}{subsection.2.1.2}% 29
\BOOKMARK [3][-]{subsubsection.2.1.2.2}{\376\377\000F\000u\000n\000d\000a\000m\000e\000n\000t\000o\000\040\000T\000e\000\363\000r\000i\000c\000o\000\040\000u\000s\000a\000d\000o\000\040\000p\000o\000r\000\040\000e\000l\000\040\000A\000u\000t\000o\000r}{subsection.2.1.2}% 30
\BOOKMARK [3][-]{subsubsection.2.1.2.3}{\376\377\000M\000e\000t\000o\000d\000o\000l\000o\000g\000\355\000a\000\040\000e\000m\000p\000l\000e\000a\000d\000a\000\040\000p\000o\000r\000\040\000l\000o\000s\000\040\000a\000u\000t\000o\000r\000e\000s}{subsection.2.1.2}% 31
\BOOKMARK [3][-]{subsubsection.2.1.2.4}{\376\377\000R\000e\000s\000u\000l\000t\000a\000d\000o\000s\000\040\000o\000b\000t\000e\000n\000i\000d\000o\000s}{subsection.2.1.2}% 32
\BOOKMARK [2][-]{subsection.2.1.3}{\376\377\000C\000h\000a\000t\000b\000o\000t\000\040\000c\000o\000n\000\040\000D\000i\000a\000l\000o\000g\000f\000l\000o\000w\000\040\000y\000\040\000R\000e\000d\000e\000s\000\040\000N\000e\000u\000r\000o\000n\000a\000l\000e\000s\000\040\000R\000e\000c\000u\000r\000r\000e\000n\000t\000e\000s\000\040\000p\000a\000r\000a\000\040\000l\000a\000\040\000m\000e\000j\000o\000r\000a\000\040\000d\000e\000l\000\040\000p\000r\000o\000c\000e\000s\000o\000\040\000d\000e\000\040\000c\000o\000m\000e\000r\000c\000i\000a\000l\000i\000z\000a\000c\000i\000\363\000n\000\040\000d\000e\000\040\000p\000r\000o\000d\000u\000c\000t\000o\000s\000\040\000a\000g\000r\000\355\000c\000o\000l\000a\000s\000\040\000p\000a\000r\000a\000\040\000l\000a\000\040\000g\000e\000r\000e\000n\000c\000i\000a\000\040\000r\000e\000g\000i\000o\000n\000a\000l\000\040\000d\000e\000\040\000a\000g\000r\000i\000c\000u\000l\000t\000u\000r\000a\000\040\000*\000t\000s\000C\000D\000R\000N\000R\000M\000P\000C}{section.2.1}% 33
\BOOKMARK [3][-]{subsubsection.2.1.3.1}{\376\377\000P\000l\000a\000n\000t\000e\000a\000m\000i\000e\000n\000t\000o\000\040\000d\000e\000l\000\040\000P\000r\000o\000b\000l\000e\000m\000a\000\040\000y\000\040\000o\000b\000j\000e\000t\000i\000v\000o\000\040}{subsection.2.1.3}% 34
\BOOKMARK [3][-]{subsubsection.2.1.3.2}{\376\377\000F\000u\000n\000d\000a\000m\000e\000n\000t\000o\000\040\000T\000e\000\363\000r\000i\000c\000o\000\040\000u\000s\000a\000d\000o\000\040\000p\000o\000r\000\040\000e\000l\000\040\000A\000u\000t\000o\000r}{subsection.2.1.3}% 35
\BOOKMARK [3][-]{subsubsection.2.1.3.3}{\376\377\000M\000e\000t\000o\000d\000o\000l\000o\000g\000\355\000a\000\040\000e\000m\000p\000l\000e\000a\000d\000a\000\040\000p\000o\000r\000\040\000l\000o\000s\000\040\000a\000u\000t\000o\000r\000e\000s}{subsection.2.1.3}% 36
\BOOKMARK [3][-]{subsubsection.2.1.3.4}{\376\377\000R\000e\000s\000u\000l\000t\000a\000d\000o\000s\000\040\000o\000b\000t\000e\000n\000i\000d\000o\000s}{subsection.2.1.3}% 37
\BOOKMARK [2][-]{subsection.2.1.4}{\376\377\000D\000e\000s\000i\000g\000n\000\040\000a\000n\000d\000\040\000D\000e\000v\000e\000l\000o\000p\000m\000e\000n\000t\000\040\000o\000f\000\040\000A\000I\000-\000P\000o\000w\000e\000r\000e\000d\000\040\000H\000e\000a\000l\000t\000h\000c\000a\000r\000e\000\040\000W\000h\000a\000t\000s\000A\000p\000p\000\040\000C\000h\000a\000t\000b\000o\000t\000\040\000*\000p\000r\000D\000D\000A\000I\000H\000W\000C}{section.2.1}% 38
\BOOKMARK [3][-]{subsubsection.2.1.4.1}{\376\377\000P\000l\000a\000n\000t\000e\000a\000m\000i\000e\000n\000t\000o\000\040\000d\000e\000l\000\040\000P\000r\000o\000b\000l\000e\000m\000a\000\040\000y\000\040\000o\000b\000j\000e\000t\000i\000v\000o\000\040}{subsection.2.1.4}% 39
\BOOKMARK [3][-]{subsubsection.2.1.4.2}{\376\377\000F\000u\000n\000d\000a\000m\000e\000n\000t\000o\000\040\000T\000e\000\363\000r\000i\000c\000o\000\040\000u\000s\000a\000d\000o\000\040\000p\000o\000r\000\040\000e\000l\000\040\000A\000u\000t\000o\000r}{subsection.2.1.4}% 40
\BOOKMARK [3][-]{subsubsection.2.1.4.3}{\376\377\000M\000e\000t\000o\000d\000o\000l\000o\000g\000\355\000a\000\040\000e\000m\000p\000l\000e\000a\000d\000a\000\040\000p\000o\000r\000\040\000l\000o\000s\000\040\000a\000u\000t\000o\000r\000e\000s}{subsection.2.1.4}% 41
\BOOKMARK [3][-]{subsubsection.2.1.4.4}{\376\377\000R\000e\000s\000u\000l\000t\000a\000d\000o\000s\000\040\000o\000b\000t\000e\000n\000i\000d\000o\000s}{subsection.2.1.4}% 42
\BOOKMARK [2][-]{subsection.2.1.5}{\376\377\000A\000r\000t\000i\000f\000i\000c\000i\000a\000l\000\040\000I\000n\000t\000e\000l\000l\000i\000g\000e\000n\000c\000e\000\040\000P\000o\000w\000e\000r\000e\000d\000\040\000C\000h\000a\000t\000b\000o\000t\000\040\000f\000o\000r\000\040\000M\000e\000n\000t\000a\000l\000\040\000H\000e\000a\000l\000t\000h\000c\000a\000r\000e\000\040\000b\000a\000s\000e\000d\000\040\000o\000n\000\040\000S\000e\000n\000t\000i\000m\000e\000n\000t\000\040\000A\000n\000a\000l\000y\000s\000i\000s\000\040\000*\000p\000r\000A\000I\000P\000C\000M\000H\000B\000S\000A}{section.2.1}% 43
\BOOKMARK [3][-]{subsubsection.2.1.5.1}{\376\377\000P\000l\000a\000n\000t\000e\000a\000m\000i\000e\000n\000t\000o\000\040\000d\000e\000l\000\040\000P\000r\000o\000b\000l\000e\000m\000a\000\040\000y\000\040\000o\000b\000j\000e\000t\000i\000v\000o\000\040}{subsection.2.1.5}% 44
\BOOKMARK [3][-]{subsubsection.2.1.5.2}{\376\377\000F\000u\000n\000d\000a\000m\000e\000n\000t\000o\000\040\000T\000e\000\363\000r\000i\000c\000o\000\040\000u\000s\000a\000d\000o\000\040\000p\000o\000r\000\040\000e\000l\000\040\000A\000u\000t\000o\000r}{subsection.2.1.5}% 45
\BOOKMARK [3][-]{subsubsection.2.1.5.3}{\376\377\000M\000e\000t\000o\000d\000o\000l\000o\000g\000\355\000a\000\040\000e\000m\000p\000l\000e\000a\000d\000a\000\040\000p\000o\000r\000\040\000l\000o\000s\000\040\000a\000u\000t\000o\000r\000e\000s}{subsection.2.1.5}% 46
\BOOKMARK [3][-]{subsubsection.2.1.5.4}{\376\377\000R\000e\000s\000u\000l\000t\000a\000d\000o\000s\000\040\000o\000b\000t\000e\000n\000i\000d\000o\000s}{subsection.2.1.5}% 47
\BOOKMARK [0][-]{appendix.Alph1}{\376\377\000A\000n\000e\000x\000o\000\040\000I\000:\000\040\000M\000a\000t\000r\000i\000z\000\040\000d\000e\000\040\000C\000o\000n\000s\000i\000s\000t\000e\000n\000c\000i\000a}{}% 48
\BOOKMARK [0][-]{appendix.Alph2}{\376\377\000A\000n\000e\000x\000o\000\040\000I\000I\000:\000\040\000R\000e\000s\000u\000m\000e\000n\000\040\000d\000e\000\040\000P\000a\000p\000e\000r\000s\000\040\000i\000n\000v\000e\000s\000t\000i\000g\000a\000d\000o\000s}{}% 49
\BOOKMARK [0][-]{appendix.Alph3}{\376\377\000A\000n\000e\000x\000o\000\040\000I\000I\000I\000:\000\040\000\301\000r\000b\000o\000l\000\040\000d\000e\000l\000\040\000p\000r\000o\000b\000l\000e\000m\000a}{}% 50
\BOOKMARK [0][-]{appendix.Alph4}{\376\377\000A\000n\000e\000x\000o\000\040\000I\000I\000I\000:\000\040\000\301\000r\000b\000o\000l\000\040\000d\000e\000\040\000o\000b\000j\000e\000t\000i\000v\000o}{}% 51
