This is pdfTeX, Version 3.141592653-2.6-1.40.26 (MiKTeX 24.3.31) (preloaded format=pdflatex 2024.4.9)  9 MAY 2024 22:17
entering extended mode
 restricted \write18 enabled.
 %&-line parsing enabled.
**./tesis.tex
(tesis.tex
LaTeX2e <2023-11-01> patch level 1
L3 programming layer <2024-03-14>
(C:\Users\sebas\AppData\Local\Programs\MiKTeX\tex/latex/base\report.cls
Document Class: report 2023/05/17 v1.4n Standard LaTeX document class
(C:\Users\sebas\AppData\Local\Programs\MiKTeX\tex/latex/base\size12.clo
File: size12.clo 2023/05/17 v1.4n Standard LaTeX file (size option)
)
\c@part=\count188
\c@chapter=\count189
\c@section=\count190
\c@subsection=\count191
\c@subsubsection=\count192
\c@paragraph=\count193
\c@subparagraph=\count194
\c@figure=\count195
\c@table=\count196
\abovecaptionskip=\skip48
\belowcaptionskip=\skip49
\bibindent=\dimen140
)
(C:\Users\sebas\AppData\Local\Programs\MiKTeX\tex/latex/psnfss\mathptmx.sty
Package: mathptmx 2020/03/25 PSNFSS-v9.3 Times w/ Math, improved (SPQR, WaS) 
LaTeX Font Info:    Redeclaring symbol font `operators' on input line 28.
LaTeX Font Info:    Overwriting symbol font `operators' in version `normal'
(Font)                  OT1/cmr/m/n --> OT1/ztmcm/m/n on input line 28.
LaTeX Font Info:    Overwriting symbol font `operators' in version `bold'
(Font)                  OT1/cmr/bx/n --> OT1/ztmcm/m/n on input line 28.
LaTeX Font Info:    Redeclaring symbol font `letters' on input line 29.
LaTeX Font Info:    Overwriting symbol font `letters' in version `normal'
(Font)                  OML/cmm/m/it --> OML/ztmcm/m/it on input line 29.
LaTeX Font Info:    Overwriting symbol font `letters' in version `bold'
(Font)                  OML/cmm/b/it --> OML/ztmcm/m/it on input line 29.
LaTeX Font Info:    Redeclaring symbol font `symbols' on input line 30.
LaTeX Font Info:    Overwriting symbol font `symbols' in version `normal'
(Font)                  OMS/cmsy/m/n --> OMS/ztmcm/m/n on input line 30.
LaTeX Font Info:    Overwriting symbol font `symbols' in version `bold'
(Font)                  OMS/cmsy/b/n --> OMS/ztmcm/m/n on input line 30.
LaTeX Font Info:    Redeclaring symbol font `largesymbols' on input line 31.
LaTeX Font Info:    Overwriting symbol font `largesymbols' in version `normal'
(Font)                  OMX/cmex/m/n --> OMX/ztmcm/m/n on input line 31.
LaTeX Font Info:    Overwriting symbol font `largesymbols' in version `bold'
(Font)                  OMX/cmex/m/n --> OMX/ztmcm/m/n on input line 31.
\symbold=\mathgroup4
\symitalic=\mathgroup5
LaTeX Font Info:    Redeclaring math alphabet \mathbf on input line 34.
LaTeX Font Info:    Overwriting math alphabet `\mathbf' in version `normal'
(Font)                  OT1/cmr/bx/n --> OT1/ptm/bx/n on input line 34.
LaTeX Font Info:    Overwriting math alphabet `\mathbf' in version `bold'
(Font)                  OT1/cmr/bx/n --> OT1/ptm/bx/n on input line 34.
LaTeX Font Info:    Redeclaring math alphabet \mathit on input line 35.
LaTeX Font Info:    Overwriting math alphabet `\mathit' in version `normal'
(Font)                  OT1/cmr/m/it --> OT1/ptm/m/it on input line 35.
LaTeX Font Info:    Overwriting math alphabet `\mathit' in version `bold'
(Font)                  OT1/cmr/bx/it --> OT1/ptm/m/it on input line 35.
LaTeX Info: Redefining \hbar on input line 50.
)
(C:\Users\sebas\AppData\Local\Programs\MiKTeX\tex/latex/geometry\geometry.sty
Package: geometry 2020/01/02 v5.9 Page Geometry

(C:\Users\sebas\AppData\Local\Programs\MiKTeX\tex/latex/graphics\keyval.sty
Package: keyval 2022/05/29 v1.15 key=value parser (DPC)
\KV@toks@=\toks17
)
(C:\Users\sebas\AppData\Local\Programs\MiKTeX\tex/generic/iftex\ifvtex.sty
Package: ifvtex 2019/10/25 v1.7 ifvtex legacy package. Use iftex instead.

(C:\Users\sebas\AppData\Local\Programs\MiKTeX\tex/generic/iftex\iftex.sty
Package: iftex 2022/02/03 v1.0f TeX engine tests
))
\Gm@cnth=\count197
\Gm@cntv=\count198
\c@Gm@tempcnt=\count199
\Gm@bindingoffset=\dimen141
\Gm@wd@mp=\dimen142
\Gm@odd@mp=\dimen143
\Gm@even@mp=\dimen144
\Gm@layoutwidth=\dimen145
\Gm@layoutheight=\dimen146
\Gm@layouthoffset=\dimen147
\Gm@layoutvoffset=\dimen148
\Gm@dimlist=\toks18

(C:\Users\sebas\AppData\Local\Programs\MiKTeX\tex/latex/geometry\geometry.cfg))
(C:\Users\sebas\AppData\Local\Programs\MiKTeX\tex/latex/base\inputenc.sty
Package: inputenc 2021/02/14 v1.3d Input encoding file
\inpenc@prehook=\toks19
\inpenc@posthook=\toks20
)
(C:\Users\sebas\AppData\Local\Programs\MiKTeX\tex/latex/csquotes\csquotes.sty
Package: csquotes 2022-09-14 v5.2n context-sensitive quotations (JAW)

(C:\Users\sebas\AppData\Local\Programs\MiKTeX\tex/latex/etoolbox\etoolbox.sty
Package: etoolbox 2020/10/05 v2.5k e-TeX tools for LaTeX (JAW)
\etb@tempcnta=\count266
)
\csq@reset=\count267
\csq@gtype=\count268
\csq@glevel=\count269
\csq@qlevel=\count270
\csq@maxlvl=\count271
\csq@tshold=\count272
\csq@ltx@everypar=\toks21

(C:\Users\sebas\AppData\Local\Programs\MiKTeX\tex/latex/csquotes\csquotes.def
File: csquotes.def 2022-09-14 v5.2n csquotes generic definitions (JAW)
)
Package csquotes Info: Trying to load configuration file 'csquotes.cfg'...
Package csquotes Info: ... configuration file loaded successfully.

(C:\Users\sebas\AppData\Local\Programs\MiKTeX\tex/latex/csquotes\csquotes.cfg
File: csquotes.cfg 
)) (C:\Users\sebas\AppData\Local\Programs\MiKTeX\tex/generic/babel\babel.sty
Package: babel 2024/02/07 v24.2 The Babel package
\babel@savecnt=\count273
\U@D=\dimen149
\l@unhyphenated=\language79

(C:\Users\sebas\AppData\Local\Programs\MiKTeX\tex/generic/babel\txtbabel.def)
\bbl@readstream=\read2
\bbl@dirlevel=\count274

*************************************
* Local config file bblopts.cfg used
*
(C:\Users\sebas\AppData\Local\Programs\MiKTeX\tex/latex/arabi\bblopts.cfg
File: bblopts.cfg 2005/09/08 v0.1 add Arabic and Farsi to "declared" options of
 babel
)
(C:\Users\sebas\AppData\Local\Programs\MiKTeX\tex/latex/babel-spanish\spanish.l
df
Language: spanish.ldf 2021/05/27 v5.0q Spanish support from the babel system
\es@quottoks=\toks22
\es@quotdepth=\count275
Package babel Info: Making " an active character on input line 570.
Package babel Info: Making . an active character on input line 675.
Package babel Info: Making < an active character on input line 722.
Package babel Info: Making > an active character on input line 722.
))
(C:\Users\sebas\AppData\Local\Programs\MiKTeX\tex/generic/babel/locale/es\babel
-spanish.tex
Package babel Info: Importing font and identification data for spanish
(babel)             from babel-es.ini. Reported on input line 11.
)
(C:\Users\sebas\AppData\Local\Programs\MiKTeX\tex/latex/biblatex\biblatex.sty
Package: biblatex 2024/03/21 v3.20 programmable bibliographies (PK/MW)

(C:\Users\sebas\AppData\Local\Programs\MiKTeX\tex/generic/pdftexcmds\pdftexcmds
.sty
Package: pdftexcmds 2020-06-27 v0.33 Utility functions of pdfTeX for LuaTeX (HO
)

(C:\Users\sebas\AppData\Local\Programs\MiKTeX\tex/generic/infwarerr\infwarerr.s
ty
Package: infwarerr 2019/12/03 v1.5 Providing info/warning/error messages (HO)
)
(C:\Users\sebas\AppData\Local\Programs\MiKTeX\tex/generic/ltxcmds\ltxcmds.sty
Package: ltxcmds 2023-12-04 v1.26 LaTeX kernel commands for general use (HO)
)
Package pdftexcmds Info: \pdf@primitive is available.
Package pdftexcmds Info: \pdf@ifprimitive is available.
Package pdftexcmds Info: \pdfdraftmode found.
)
(C:\Users\sebas\AppData\Local\Programs\MiKTeX\tex/latex/kvoptions\kvoptions.sty
Package: kvoptions 2022-06-15 v3.15 Key value format for package options (HO)

(C:\Users\sebas\AppData\Local\Programs\MiKTeX\tex/latex/kvsetkeys\kvsetkeys.sty
Package: kvsetkeys 2022-10-05 v1.19 Key value parser (HO)
)) (C:\Users\sebas\AppData\Local\Programs\MiKTeX\tex/latex/logreq\logreq.sty
Package: logreq 2010/08/04 v1.0 xml request logger
\lrq@indent=\count276

(C:\Users\sebas\AppData\Local\Programs\MiKTeX\tex/latex/logreq\logreq.def
File: logreq.def 2010/08/04 v1.0 logreq spec v1.0
))
(C:\Users\sebas\AppData\Local\Programs\MiKTeX\tex/latex/base\ifthen.sty
Package: ifthen 2022/04/13 v1.1d Standard LaTeX ifthen package (DPC)
)
(C:\Users\sebas\AppData\Local\Programs\MiKTeX\tex/latex/url\url.sty
\Urlmuskip=\muskip16
Package: url 2013/09/16  ver 3.4  Verb mode for urls, etc.
)
\c@tabx@nest=\count277
\c@listtotal=\count278
\c@listcount=\count279
\c@liststart=\count280
\c@liststop=\count281
\c@citecount=\count282
\c@citetotal=\count283
\c@multicitecount=\count284
\c@multicitetotal=\count285
\c@instcount=\count286
\c@maxnames=\count287
\c@minnames=\count288
\c@maxitems=\count289
\c@minitems=\count290
\c@citecounter=\count291
\c@maxcitecounter=\count292
\c@savedcitecounter=\count293
\c@uniquelist=\count294
\c@uniquename=\count295
\c@refsection=\count296
\c@refsegment=\count297
\c@maxextratitle=\count298
\c@maxextratitleyear=\count299
\c@maxextraname=\count300
\c@maxextradate=\count301
\c@maxextraalpha=\count302
\c@abbrvpenalty=\count303
\c@highnamepenalty=\count304
\c@lownamepenalty=\count305
\c@maxparens=\count306
\c@parenlevel=\count307
\blx@tempcnta=\count308
\blx@tempcntb=\count309
\blx@tempcntc=\count310
\c@blx@maxsection=\count311
\blx@maxsegment@0=\count312
\blx@notetype=\count313
\blx@parenlevel@text=\count314
\blx@parenlevel@foot=\count315
\blx@sectionciteorder@0=\count316
\blx@sectionciteorderinternal@0=\count317
\blx@entrysetcounter=\count318
\blx@biblioinstance=\count319
\labelnumberwidth=\skip50
\labelalphawidth=\skip51
\biblabelsep=\skip52
\bibitemsep=\skip53
\bibnamesep=\skip54
\bibinitsep=\skip55
\bibparsep=\skip56
\bibhang=\skip57
\blx@bcfin=\read3
\blx@bcfout=\write3
\blx@langwohyphens=\language80
\c@mincomprange=\count320
\c@maxcomprange=\count321
\c@mincompwidth=\count322
Package biblatex Info: Trying to load biblatex default data model...
Package biblatex Info: ... file 'blx-dm.def' found.

(C:\Users\sebas\AppData\Local\Programs\MiKTeX\tex/latex/biblatex\blx-dm.def
File: blx-dm.def 2024/03/21 v3.20 biblatex datamodel (PK/MW)
)
Package biblatex Info: Trying to load biblatex style data model...
Package biblatex Info: ... file 'apa.dbx' found.

(C:\Users\sebas\AppData\Local\Programs\MiKTeX\tex/latex/biblatex-apa\apa.dbx
File: apa.dbx 2023/03/20 v9.17 APA biblatex style data model
)
Package biblatex Info: Trying to load biblatex custom data model...
Package biblatex Info: ... file 'biblatex-dm.cfg' not found.
\c@afterword=\count323
\c@savedafterword=\count324
\c@annotator=\count325
\c@savedannotator=\count326
\c@author=\count327
\c@savedauthor=\count328
\c@bookauthor=\count329
\c@savedbookauthor=\count330
\c@commentator=\count331
\c@savedcommentator=\count332
\c@editor=\count333
\c@savededitor=\count334
\c@editora=\count335
\c@savededitora=\count336
\c@editorb=\count337
\c@savededitorb=\count338
\c@editorc=\count339
\c@savededitorc=\count340
\c@foreword=\count341
\c@savedforeword=\count342
\c@holder=\count343
\c@savedholder=\count344
\c@introduction=\count345
\c@savedintroduction=\count346
\c@namea=\count347
\c@savednamea=\count348
\c@nameb=\count349
\c@savednameb=\count350
\c@namec=\count351
\c@savednamec=\count352
\c@translator=\count353
\c@savedtranslator=\count354
\c@shortauthor=\count355
\c@savedshortauthor=\count356
\c@shorteditor=\count357
\c@savedshorteditor=\count358
\c@narrator=\count359
\c@savednarrator=\count360
\c@execproducer=\count361
\c@savedexecproducer=\count362
\c@execdirector=\count363
\c@savedexecdirector=\count364
\c@with=\count365
\c@savedwith=\count366
\c@labelname=\count367
\c@savedlabelname=\count368
\c@institution=\count369
\c@savedinstitution=\count370
\c@lista=\count371
\c@savedlista=\count372
\c@listb=\count373
\c@savedlistb=\count374
\c@listc=\count375
\c@savedlistc=\count376
\c@listd=\count377
\c@savedlistd=\count378
\c@liste=\count379
\c@savedliste=\count380
\c@listf=\count381
\c@savedlistf=\count382
\c@location=\count383
\c@savedlocation=\count384
\c@organization=\count385
\c@savedorganization=\count386
\c@origlocation=\count387
\c@savedoriglocation=\count388
\c@origpublisher=\count389
\c@savedorigpublisher=\count390
\c@publisher=\count391
\c@savedpublisher=\count392
\c@language=\count393
\c@savedlanguage=\count394
\c@origlanguage=\count395
\c@savedoriglanguage=\count396
\c@citation=\count397
\c@savedcitation=\count398
\c@pageref=\count399
\c@savedpageref=\count400
\shorthandwidth=\skip58
\shortjournalwidth=\skip59
\shortserieswidth=\skip60
\shorttitlewidth=\skip61
\shortauthorwidth=\skip62
\shorteditorwidth=\skip63
\locallabelnumberwidth=\skip64
\locallabelalphawidth=\skip65
\localshorthandwidth=\skip66
\localshortjournalwidth=\skip67
\localshortserieswidth=\skip68
\localshorttitlewidth=\skip69
\localshortauthorwidth=\skip70
\localshorteditorwidth=\skip71
Package biblatex Info: Trying to load compatibility code...
Package biblatex Info: ... file 'blx-compat.def' found.

(C:\Users\sebas\AppData\Local\Programs\MiKTeX\tex/latex/biblatex\blx-compat.def
File: blx-compat.def 2024/03/21 v3.20 biblatex compatibility (PK/MW)
)
Package biblatex Info: Trying to load generic definitions...
Package biblatex Info: ... file 'biblatex.def' found.
 (C:\Users\sebas\AppData\Local\Programs\MiKTeX\tex/latex/biblatex\biblatex.def
File: biblatex.def 2024/03/21 v3.20 biblatex compatibility (PK/MW)
\c@textcitecount=\count401
\c@textcitetotal=\count402
\c@textcitemaxnames=\count403
\c@biburlbigbreakpenalty=\count404
\c@biburlbreakpenalty=\count405
\c@biburlnumpenalty=\count406
\c@biburlucpenalty=\count407
\c@biburllcpenalty=\count408
\biburlbigskip=\muskip17
\biburlnumskip=\muskip18
\biburlucskip=\muskip19
\biburllcskip=\muskip20
\c@smartand=\count409
)
Package biblatex Info: Trying to load natbib compatibility...
Package biblatex Info: ... file 'blx-natbib.def' found.

(C:\Users\sebas\AppData\Local\Programs\MiKTeX\tex/latex/biblatex\blx-natbib.def
File: blx-natbib.def 2024/03/21 v3.20 biblatex compatibility (PK/MW)
Package biblatex Info: Delimiter 'nameyeardelim' in context '' already defined,
 overwriting.
)
Package biblatex Info: Trying to load bibliography style 'apa'...
Package biblatex Info: ... file 'apa.bbx' found.
 (C:\Users\sebas\AppData\Local\Programs\MiKTeX\tex/latex/biblatex-apa\apa.bbx
File: apa.bbx 2023/03/20 v9.17 APA biblatex references style
Package biblatex Info: Trying to load bibliography style 'standard'...
Package biblatex Info: ... file 'standard.bbx' found.

(C:\Users\sebas\AppData\Local\Programs\MiKTeX\tex/latex/biblatex/bbx\standard.b
bx
File: standard.bbx 2024/03/21 v3.20 biblatex bibliography style (PK/MW)
\c@bbx:relatedcount=\count410
\c@bbx:relatedtotal=\count411
)
Package biblatex Info: Delimiter 'nameyeardelim' in context 'bib' already defin
ed, overwriting.
Package biblatex Info: Delimiter 'nameyeardelim' in context 'biblist' already d
efined, overwriting.
Package biblatex Info: Delimiter 'nonameyeardelim' in context 'bib' already def
ined, overwriting.
Package biblatex Info: Delimiter 'nonameyeardelim' in context 'biblist' already
 defined, overwriting.
)
Package biblatex Info: Trying to load citation style 'apa'...
Package biblatex Info: ... file 'apa.cbx' found.

(C:\Users\sebas\AppData\Local\Programs\MiKTeX\tex/latex/biblatex-apa\apa.cbx
File: apa.cbx 2023/03/20 v9.17 APA biblatex citation style
Package biblatex Info: Delimiter 'nameyeardelim' in context '' already defined,
 overwriting.
Package biblatex Info: Delimiter 'andothersdelim' in context '' already defined
, overwriting.
Package biblatex Info: Redefining '\fullcite'.
Package biblatex Info: Redefining '\citeauthor'.
Package biblatex Info: Redefining '\citeyear'.
Package biblatex Info: Redefining '\cite'.
Package biblatex Info: Redefining '\cites'.
Package biblatex Info: Redefining '\parencite'.
Package biblatex Info: Redefining '\parencites'.
Package biblatex Info: Redefining '\footcite'.
Package biblatex Info: Redefining '\footcites'.
Package biblatex Info: Redefining '\footcitetext'.
Package biblatex Info: Redefining '\footcitetexts'.
Package biblatex Info: Redefining '\smartcite'.
Package biblatex Info: Redefining '\smartcites'.
Package biblatex Info: Redefining '\textcite'.
Package biblatex Info: Redefining '\textcites'.
)
Package biblatex Info: Trying to load configuration file...
Package biblatex Info: ... file 'biblatex.cfg' found.

(C:\Users\sebas\AppData\Local\Programs\MiKTeX\tex/latex/biblatex\biblatex.cfg
File: biblatex.cfg 
)
Package biblatex Info: Input encoding 'utf8' detected.
Package biblatex Info: Document encoding is UTF8 ....

(C:\Users\sebas\AppData\Local\Programs\MiKTeX\tex/latex/l3kernel\expl3.sty
Package: expl3 2024-03-14 L3 programming layer (loader) 

(C:\Users\sebas\AppData\Local\Programs\MiKTeX\tex/latex/l3backend\l3backend-pdf
tex.def
File: l3backend-pdftex.def 2024-03-14 L3 backend support: PDF output (pdfTeX)
\l__color_backend_stack_int=\count412
\l__pdf_internal_box=\box51
))
Package biblatex Info: ... and expl3
(biblatex)             2024-03-14 L3 programming layer (loader) 
(biblatex)             is new enough (at least 2020/04/06),
(biblatex)             setting 'casechanger=expl3'.

(C:\Users\sebas\AppData\Local\Programs\MiKTeX\tex/latex/biblatex\blx-case-expl3
.sty
(C:\Users\sebas\AppData\Local\Programs\MiKTeX\tex/latex/l3packages/xparse\xpars
e.sty
Package: xparse 2024-03-14 L3 Experimental document command parser
)
Package: blx-case-expl3 2024/03/21 v3.20 expl3 case changing code for biblatex
))
(C:\Users\sebas\AppData\Local\Programs\MiKTeX\tex/latex/hyperref\hyperref.sty
Package: hyperref 2024-01-20 v7.01h Hypertext links for LaTeX

(C:\Users\sebas\AppData\Local\Programs\MiKTeX\tex/generic/kvdefinekeys\kvdefine
keys.sty
Package: kvdefinekeys 2019-12-19 v1.6 Define keys (HO)
)
(C:\Users\sebas\AppData\Local\Programs\MiKTeX\tex/generic/pdfescape\pdfescape.s
ty
Package: pdfescape 2019/12/09 v1.15 Implements pdfTeX's escape features (HO)
) (C:\Users\sebas\AppData\Local\Programs\MiKTeX\tex/latex/hycolor\hycolor.sty
Package: hycolor 2020-01-27 v1.10 Color options for hyperref/bookmark (HO)
) (C:\Users\sebas\AppData\Local\Programs\MiKTeX\tex/latex/auxhook\auxhook.sty
Package: auxhook 2019-12-17 v1.6 Hooks for auxiliary files (HO)
)
(C:\Users\sebas\AppData\Local\Programs\MiKTeX\tex/latex/hyperref\nameref.sty
Package: nameref 2023-11-26 v2.56 Cross-referencing by name of section

(C:\Users\sebas\AppData\Local\Programs\MiKTeX\tex/latex/refcount\refcount.sty
Package: refcount 2019/12/15 v3.6 Data extraction from label references (HO)
)
(C:\Users\sebas\AppData\Local\Programs\MiKTeX\tex/generic/gettitlestring\gettit
lestring.sty
Package: gettitlestring 2019/12/15 v1.6 Cleanup title references (HO)
)
\c@section@level=\count413
)
\@linkdim=\dimen150
\Hy@linkcounter=\count414
\Hy@pagecounter=\count415

(C:\Users\sebas\AppData\Local\Programs\MiKTeX\tex/latex/hyperref\pd1enc.def
File: pd1enc.def 2024-01-20 v7.01h Hyperref: PDFDocEncoding definition (HO)
Now handling font encoding PD1 ...
... no UTF-8 mapping file for font encoding PD1
)
(C:\Users\sebas\AppData\Local\Programs\MiKTeX\tex/generic/intcalc\intcalc.sty
Package: intcalc 2019/12/15 v1.3 Expandable calculations with integers (HO)
)
\Hy@SavedSpaceFactor=\count416

(C:\Users\sebas\AppData\Local\Programs\MiKTeX\tex/latex/hyperref\puenc.def
File: puenc.def 2024-01-20 v7.01h Hyperref: PDF Unicode definition (HO)
Now handling font encoding PU ...
... no UTF-8 mapping file for font encoding PU
)
Package hyperref Info: Option `colorlinks' set `true' on input line 4062.
Package hyperref Info: Option `bookmarks' set `true' on input line 4062.
Package hyperref Info: Hyper figures OFF on input line 4179.
Package hyperref Info: Link nesting OFF on input line 4184.
Package hyperref Info: Hyper index ON on input line 4187.
Package hyperref Info: Plain pages OFF on input line 4194.
Package hyperref Info: Backreferencing OFF on input line 4199.
Package hyperref Info: Implicit mode ON; LaTeX internals redefined.
Package hyperref Info: Bookmarks ON on input line 4446.
\c@Hy@tempcnt=\count417
LaTeX Info: Redefining \url on input line 4784.
\XeTeXLinkMargin=\dimen151

(C:\Users\sebas\AppData\Local\Programs\MiKTeX\tex/generic/bitset\bitset.sty
Package: bitset 2019/12/09 v1.3 Handle bit-vector datatype (HO)

(C:\Users\sebas\AppData\Local\Programs\MiKTeX\tex/generic/bigintcalc\bigintcalc
.sty
Package: bigintcalc 2019/12/15 v1.5 Expandable calculations on big integers (HO
)
))
\Fld@menulength=\count418
\Field@Width=\dimen152
\Fld@charsize=\dimen153
Package hyperref Info: Hyper figures OFF on input line 6063.
Package hyperref Info: Link nesting OFF on input line 6068.
Package hyperref Info: Hyper index ON on input line 6071.
Package hyperref Info: backreferencing OFF on input line 6078.
Package hyperref Info: Link coloring ON on input line 6081.
Package hyperref Info: Link coloring with OCG OFF on input line 6088.
Package hyperref Info: PDF/A mode OFF on input line 6093.

(C:\Users\sebas\AppData\Local\Programs\MiKTeX\tex/latex/base\atbegshi-ltx.sty
Package: atbegshi-ltx 2021/01/10 v1.0c Emulation of the original atbegshi
package with kernel methods
)
\Hy@abspage=\count419
\c@Item=\count420
\c@Hfootnote=\count421
)
Package hyperref Info: Driver (autodetected): hpdftex.
(C:\Users\sebas\AppData\Local\Programs\MiKTeX\tex/latex/hyperref\hpdftex.def
File: hpdftex.def 2024-01-20 v7.01h Hyperref driver for pdfTeX

(C:\Users\sebas\AppData\Local\Programs\MiKTeX\tex/latex/base\atveryend-ltx.sty
Package: atveryend-ltx 2020/08/19 v1.0a Emulation of the original atveryend pac
kage
with kernel methods
)
\Fld@listcount=\count422
\c@bookmark@seq@number=\count423

(C:\Users\sebas\AppData\Local\Programs\MiKTeX\tex/latex/rerunfilecheck\rerunfil
echeck.sty
Package: rerunfilecheck 2022-07-10 v1.10 Rerun checks for auxiliary files (HO)

(C:\Users\sebas\AppData\Local\Programs\MiKTeX\tex/generic/uniquecounter\uniquec
ounter.sty
Package: uniquecounter 2019/12/15 v1.4 Provide unlimited unique counter (HO)
)
Package uniquecounter Info: New unique counter `rerunfilecheck' on input line 2
85.
)
\Hy@SectionHShift=\skip72
)
(C:\Users\sebas\AppData\Local\Programs\MiKTeX\tex/latex/amsfonts\amssymb.sty
Package: amssymb 2013/01/14 v3.01 AMS font symbols

(C:\Users\sebas\AppData\Local\Programs\MiKTeX\tex/latex/amsfonts\amsfonts.sty
Package: amsfonts 2013/01/14 v3.01 Basic AMSFonts support
\@emptytoks=\toks23
\symAMSa=\mathgroup6
\symAMSb=\mathgroup7
LaTeX Font Info:    Overwriting math alphabet `\mathfrak' in version `bold'
(Font)                  U/euf/m/n --> U/euf/b/n on input line 106.
)) (C:\Users\sebas\AppData\Local\Programs\MiKTeX\tex/latex/graphics\graphicx.st
y
Package: graphicx 2021/09/16 v1.2d Enhanced LaTeX Graphics (DPC,SPQR)

(C:\Users\sebas\AppData\Local\Programs\MiKTeX\tex/latex/graphics\graphics.sty
Package: graphics 2022/03/10 v1.4e Standard LaTeX Graphics (DPC,SPQR)

(C:\Users\sebas\AppData\Local\Programs\MiKTeX\tex/latex/graphics\trig.sty
Package: trig 2021/08/11 v1.11 sin cos tan (DPC)
)
(C:\Users\sebas\AppData\Local\Programs\MiKTeX\tex/latex/graphics-cfg\graphics.c
fg
File: graphics.cfg 2016/06/04 v1.11 sample graphics configuration
)
Package graphics Info: Driver file: pdftex.def on input line 107.

(C:\Users\sebas\AppData\Local\Programs\MiKTeX\tex/latex/graphics-def\pdftex.def
File: pdftex.def 2022/09/22 v1.2b Graphics/color driver for pdftex
))
\Gin@req@height=\dimen154
\Gin@req@width=\dimen155
) (C:\Users\sebas\AppData\Local\Programs\MiKTeX\tex/latex/caption\caption.sty
Package: caption 2023/08/05 v3.6o Customizing captions (AR)
(C:\Users\sebas\AppData\Local\Programs\MiKTeX\tex/latex/caption\caption3.sty
Package: caption3 2023/07/31 v2.4d caption3 kernel (AR)
\caption@tempdima=\dimen156
\captionmargin=\dimen157
\caption@leftmargin=\dimen158
\caption@rightmargin=\dimen159
\caption@width=\dimen160
\caption@indent=\dimen161
\caption@parindent=\dimen162
\caption@hangindent=\dimen163
Package caption Info: Standard document class detected.
)
\c@caption@flags=\count424
\c@continuedfloat=\count425
Package caption Info: hyperref package is loaded.
)
(C:\Users\sebas\AppData\Local\Programs\MiKTeX\tex/latex/amsfonts\eucal.sty
Package: eucal 2009/06/22 v3.00 Euler Script fonts
LaTeX Font Info:    Overwriting math alphabet `\EuScript' in version `bold'
(Font)                  U/eus/m/n --> U/eus/b/n on input line 33.
)
(C:\Users\sebas\AppData\Local\Programs\MiKTeX\tex/latex/graphics\color.sty
Package: color 2022/01/06 v1.3d Standard LaTeX Color (DPC)

(C:\Users\sebas\AppData\Local\Programs\MiKTeX\tex/latex/graphics-cfg\color.cfg
File: color.cfg 2016/01/02 v1.6 sample color configuration
)
Package color Info: Driver file: pdftex.def on input line 149.
(C:\Users\sebas\AppData\Local\Programs\MiKTeX\tex/latex/graphics\dvipsnam.def
File: dvipsnam.def 2016/06/17 v3.0m Driver-dependent file (DPC,SPQR)
)
(C:\Users\sebas\AppData\Local\Programs\MiKTeX\tex/latex/graphics\mathcolor.ltx)
) (C:\Users\sebas\AppData\Local\Programs\MiKTeX\tex/latex/footmisc\footmisc.sty
Package: footmisc 2023/07/05 v6.0f a miscellany of footnote facilities
\FN@temptoken=\toks24
\footnotemargin=\dimen164
\@outputbox@depth=\dimen165
(C:\Users\sebas\AppData\Local\Programs\MiKTeX\tex/latex/bigfoot\perpage.sty
Package: perpage 2014/10/25 2.0 Reset/sort counters per page
\c@abspage=\count426
)
\c@pp@a@footnote=\count427
Package footmisc Info: Declaring symbol style bringhurst on input line 696.
Package footmisc Info: Declaring symbol style chicago on input line 704.
Package footmisc Info: Declaring symbol style wiley on input line 713.
Package footmisc Info: Declaring symbol style lamport-robust on input line 724.

Package footmisc Info: Declaring symbol style lamport* on input line 744.
Package footmisc Info: Declaring symbol style lamport*-robust on input line 765
.
)
(C:\Users\sebas\AppData\Local\Programs\MiKTeX\tex/latex/tools\multicol.sty
Package: multicol 2023/03/30 v1.9f multicolumn formatting (FMi)
\c@tracingmulticols=\count428
\mult@box=\box52
\multicol@leftmargin=\dimen166
\c@unbalance=\count429
\c@collectmore=\count430
\doublecol@number=\count431
\multicoltolerance=\count432
\multicolpretolerance=\count433
\full@width=\dimen167
\page@free=\dimen168
\premulticols=\dimen169
\postmulticols=\dimen170
\multicolsep=\skip73
\multicolbaselineskip=\skip74
\partial@page=\box53
\last@line=\box54
\mc@boxedresult=\box55
\maxbalancingoverflow=\dimen171
\mult@rightbox=\box56
\mult@grightbox=\box57
\mult@firstbox=\box58
\mult@gfirstbox=\box59
\@tempa=\box60
\@tempa=\box61
\@tempa=\box62
\@tempa=\box63
\@tempa=\box64
\@tempa=\box65
\@tempa=\box66
\@tempa=\box67
\@tempa=\box68
\@tempa=\box69
\@tempa=\box70
\@tempa=\box71
\@tempa=\box72
\@tempa=\box73
\@tempa=\box74
\@tempa=\box75
\@tempa=\box76
\@tempa=\box77
\@tempa=\box78
\@tempa=\box79
\@tempa=\box80
\@tempa=\box81
\@tempa=\box82
\@tempa=\box83
\@tempa=\box84
\@tempa=\box85
\@tempa=\box86
\@tempa=\box87
\@tempa=\box88
\@tempa=\box89
\@tempa=\box90
\@tempa=\box91
\@tempa=\box92
\@tempa=\box93
\@tempa=\box94
\@tempa=\box95
\c@minrows=\count434
\c@columnbadness=\count435
\c@finalcolumnbadness=\count436
\last@try=\dimen172
\multicolovershoot=\dimen173
\multicolundershoot=\dimen174
\mult@nat@firstbox=\box96
\colbreak@box=\box97
\mc@col@check@num=\count437
)
(C:\Users\sebas\AppData\Local\Programs\MiKTeX\tex/latex/tocbibind\tocbibind.sty
Package: tocbibind 2010/10/13 v1.5k extra ToC listings
Package tocbibind Info: The document has chapter divisions on input line 50.

Package tocbibind Note: Using chapter style headings, unless overridden.

) (C:\Users\sebas\AppData\Local\Programs\MiKTeX\tex/latex/appendix\appendix.sty
Package: appendix 2020/02/08 v1.2c extra appendix facilities
\c@@pps=\count438
\c@@ppsavesec=\count439
\c@@ppsaveapp=\count440
) (C:\Users\sebas\AppData\Local\Programs\MiKTeX\tex/latex/fancyhdr\fancyhdr.sty
Package: fancyhdr 2022/11/09 v4.1 Extensive control of page headers and footers

\f@nch@headwidth=\skip75
\f@nch@O@elh=\skip76
\f@nch@O@erh=\skip77
\f@nch@O@olh=\skip78
\f@nch@O@orh=\skip79
\f@nch@O@elf=\skip80
\f@nch@O@erf=\skip81
\f@nch@O@olf=\skip82
\f@nch@O@orf=\skip83
) (C:\Users\sebas\AppData\Local\Programs\MiKTeX\tex/latex/tools\array.sty
Package: array 2023/10/16 v2.5g Tabular extension package (FMi)
\col@sep=\dimen175
\ar@mcellbox=\box98
\extrarowheight=\dimen176
\NC@list=\toks25
\extratabsurround=\skip84
\backup@length=\skip85
\ar@cellbox=\box99
)
(C:\Users\sebas\AppData\Local\Programs\MiKTeX\tex/latex/ragged2e\ragged2e.sty
Package: ragged2e 2023/06/22 v3.6 ragged2e Package
\CenteringLeftskip=\skip86
\RaggedLeftLeftskip=\skip87
\RaggedRightLeftskip=\skip88
\CenteringRightskip=\skip89
\RaggedLeftRightskip=\skip90
\RaggedRightRightskip=\skip91
\CenteringParfillskip=\skip92
\RaggedLeftParfillskip=\skip93
\RaggedRightParfillskip=\skip94
\JustifyingParfillskip=\skip95
\CenteringParindent=\skip96
\RaggedLeftParindent=\skip97
\RaggedRightParindent=\skip98
\JustifyingParindent=\skip99
)
(C:\Users\sebas\AppData\Local\Programs\MiKTeX\tex/latex/multirow\multirow.sty
Package: multirow 2021/03/15 v2.8 Span multiple rows of a table
\multirow@colwidth=\skip100
\multirow@cntb=\count441
\multirow@dima=\skip101
\bigstrutjot=\dimen177
)
(C:\Users\sebas\AppData\Local\Programs\MiKTeX\tex/latex/makecell\makecell.sty
Package: makecell 2009/08/03 V0.1e Managing of Tab Column Heads and Cells
\rotheadsize=\dimen178
\c@nlinenum=\count442
\TeXr@lab=\toks26
)
(C:\Users\sebas\AppData\Local\Programs\MiKTeX\tex/latex/graphics\rotating.sty
Package: rotating 2016/08/11 v2.16d rotated objects in LaTeX
\c@r@tfl@t=\count443
\rotFPtop=\skip102
\rotFPbot=\skip103
\rot@float@box=\box100
\rot@mess@toks=\toks27
)
(C:\Users\sebas\AppData\Local\Programs\MiKTeX\tex/latex/siunitx\siunitx.sty
Package: siunitx 2024-02-15 v3.3.12 A comprehensive (SI) units package
\l__siunitx_number_uncert_offset_int=\count444
\l__siunitx_number_exponent_fixed_int=\count445
\l__siunitx_number_min_decimal_int=\count446
\l__siunitx_number_min_integer_int=\count447
\l__siunitx_number_round_precision_int=\count448
\l__siunitx_number_lower_threshold_int=\count449
\l__siunitx_number_upper_threshold_int=\count450
\l__siunitx_number_group_first_int=\count451
\l__siunitx_number_group_size_int=\count452
\l__siunitx_number_group_minimum_int=\count453
\l__siunitx_angle_tmp_dim=\dimen179
\l__siunitx_angle_marker_box=\box101
\l__siunitx_angle_unit_box=\box102
\l__siunitx_compound_count_int=\count454

(C:\Users\sebas\AppData\Local\Programs\MiKTeX\tex/latex/translations\translatio
ns.sty
Package: translations 2022/02/05 v1.12 internationalization of LaTeX2e packages
 (CN)
)
(C:\Users\sebas\AppData\Local\Programs\MiKTeX\tex/latex/amsmath\amstext.sty
Package: amstext 2021/08/26 v2.01 AMS text

(C:\Users\sebas\AppData\Local\Programs\MiKTeX\tex/latex/amsmath\amsgen.sty
File: amsgen.sty 1999/11/30 v2.0 generic functions
\@emptytoks=\toks28
\ex@=\dimen180
))
\l__siunitx_table_tmp_box=\box103
\l__siunitx_table_tmp_dim=\dimen181
\l__siunitx_table_column_width_dim=\dimen182
\l__siunitx_table_integer_box=\box104
\l__siunitx_table_decimal_box=\box105
\l__siunitx_table_uncert_box=\box106
\l__siunitx_table_before_box=\box107
\l__siunitx_table_after_box=\box108
\l__siunitx_table_before_dim=\dimen183
\l__siunitx_table_carry_dim=\dimen184
\l__siunitx_unit_tmp_int=\count455
\l__siunitx_unit_position_int=\count456
\l__siunitx_unit_total_int=\count457
)
(C:\Users\sebas\AppData\Local\Programs\MiKTeX\tex/latex/xcolor\xcolor.sty
Package: xcolor 2023/11/15 v3.01 LaTeX color extensions (UK)

(C:\Users\sebas\AppData\Local\Programs\MiKTeX\tex/latex/graphics-cfg\color.cfg
File: color.cfg 2016/01/02 v1.6 sample color configuration
)
Package xcolor Info: Driver file: pdftex.def on input line 274.
LaTeX Info: Redefining \color on input line 758.
(C:\Users\sebas\AppData\Local\Programs\MiKTeX\tex/latex/graphics\mathcolor.ltx)
Package xcolor Info: Model `cmy' substituted by `cmy0' on input line 1350.
Package xcolor Info: Model `hsb' substituted by `rgb' on input line 1354.
Package xcolor Info: Model `RGB' extended on input line 1366.
Package xcolor Info: Model `HTML' substituted by `rgb' on input line 1368.
Package xcolor Info: Model `Hsb' substituted by `hsb' on input line 1369.
Package xcolor Info: Model `tHsb' substituted by `hsb' on input line 1370.
Package xcolor Info: Model `HSB' substituted by `hsb' on input line 1371.
Package xcolor Info: Model `Gray' substituted by `gray' on input line 1372.
Package xcolor Info: Model `wave' substituted by `hsb' on input line 1373.
) (C:\Users\sebas\AppData\Local\Programs\MiKTeX\tex/latex/colortbl\colortbl.sty
Package: colortbl 2024/02/20 v1.0g Color table columns (DPC)
\everycr=\toks29
\minrowclearance=\skip104
\rownum=\count458
) (C:\Users\sebas\AppData\Local\Programs\MiKTeX\tex/latex/amsmath\amsmath.sty
Package: amsmath 2023/05/13 v2.17o AMS math features
\@mathmargin=\skip105

For additional information on amsmath, use the `?' option.
(C:\Users\sebas\AppData\Local\Programs\MiKTeX\tex/latex/amsmath\amsbsy.sty
Package: amsbsy 1999/11/29 v1.2d Bold Symbols
\pmbraise@=\dimen185
)
(C:\Users\sebas\AppData\Local\Programs\MiKTeX\tex/latex/amsmath\amsopn.sty
Package: amsopn 2022/04/08 v2.04 operator names
)
\inf@bad=\count459
LaTeX Info: Redefining \frac on input line 234.
\uproot@=\count460
\leftroot@=\count461
LaTeX Info: Redefining \overline on input line 399.
LaTeX Info: Redefining \colon on input line 410.
\classnum@=\count462
\DOTSCASE@=\count463
LaTeX Info: Redefining \ldots on input line 496.
LaTeX Info: Redefining \dots on input line 499.
LaTeX Info: Redefining \cdots on input line 620.
\Mathstrutbox@=\box109
\strutbox@=\box110
LaTeX Info: Redefining \big on input line 722.
LaTeX Info: Redefining \Big on input line 723.
LaTeX Info: Redefining \bigg on input line 724.
LaTeX Info: Redefining \Bigg on input line 725.
\big@size=\dimen186
LaTeX Font Info:    Redeclaring font encoding OML on input line 743.
LaTeX Font Info:    Redeclaring font encoding OMS on input line 744.
\macc@depth=\count464
LaTeX Info: Redefining \bmod on input line 905.
LaTeX Info: Redefining \pmod on input line 910.
LaTeX Info: Redefining \smash on input line 940.
LaTeX Info: Redefining \relbar on input line 970.
LaTeX Info: Redefining \Relbar on input line 971.
\c@MaxMatrixCols=\count465
\dotsspace@=\muskip21
\c@parentequation=\count466
\dspbrk@lvl=\count467
\tag@help=\toks30
\row@=\count468
\column@=\count469
\maxfields@=\count470
\andhelp@=\toks31
\eqnshift@=\dimen187
\alignsep@=\dimen188
\tagshift@=\dimen189
\tagwidth@=\dimen190
\totwidth@=\dimen191
\lineht@=\dimen192
\@envbody=\toks32
\multlinegap=\skip106
\multlinetaggap=\skip107
\mathdisplay@stack=\toks33
LaTeX Info: Redefining \[ on input line 2953.
LaTeX Info: Redefining \] on input line 2954.
)
(C:\Users\sebas\AppData\Local\Programs\MiKTeX\tex/latex/mathtools\mathtools.sty
Package: mathtools 2024/03/11 v1.30 mathematical typesetting tools
(C:\Users\sebas\AppData\Local\Programs\MiKTeX\tex/latex/tools\calc.sty
Package: calc 2023/07/08 v4.3 Infix arithmetic (KKT,FJ)
\calc@Acount=\count471
\calc@Bcount=\count472
\calc@Adimen=\dimen193
\calc@Bdimen=\dimen194
\calc@Askip=\skip108
\calc@Bskip=\skip109
LaTeX Info: Redefining \setlength on input line 80.
LaTeX Info: Redefining \addtolength on input line 81.
\calc@Ccount=\count473
\calc@Cskip=\skip110
)
(C:\Users\sebas\AppData\Local\Programs\MiKTeX\tex/latex/mathtools\mhsetup.sty
Package: mhsetup 2021/03/18 v1.4 programming setup (MH)
)
\g_MT_multlinerow_int=\count474
\l_MT_multwidth_dim=\dimen195
\origjot=\skip111
\l_MT_shortvdotswithinadjustabove_dim=\dimen196
\l_MT_shortvdotswithinadjustbelow_dim=\dimen197
\l_MT_above_intertext_sep=\dimen198
\l_MT_below_intertext_sep=\dimen199
\l_MT_above_shortintertext_sep=\dimen256
\l_MT_below_shortintertext_sep=\dimen257
\xmathstrut@box=\box111
\xmathstrut@dim=\dimen258
) (C:\Users\sebas\AppData\Local\Programs\MiKTeX\tex/latex/ncctools\nccmath.sty
Package: nccmath 2006/01/20 v1.3 Additional Math Commands (NCC)
\NCC@fracrulewidth=\dimen259
)
(C:\Users\sebas\AppData\Local\Programs\MiKTeX\tex/latex/cool\cool.sty
Package: cool 2023/05/03 v1.35 COntent Oriented LaTeX

(C:\Users\sebas\AppData\Local\Programs\MiKTeX\tex/latex/coollist\coollist.sty
Package: coollist 2023/05/03 v1.4 COntent Oriented LaTeX Lists

(C:\Users\sebas\AppData\Local\Programs\MiKTeX\tex/latex/coolstr\coolstr.sty
Package: coolstr 2009/09/09 v2.2 COntent Oriented LaTeX Strings
\c@COOL@strlen=\count475
\c@COOL@strpointer=\count476
\c@COOL@str@index=\count477
\c@COOL@str@start=\count478
\c@COOL@str@end=\count479
)
(C:\Users\sebas\AppData\Local\Programs\MiKTeX\tex/latex/forloop\forloop.sty
Package: forloop 2023/05/03 v3.0 For Loops for LaTeX
)
\c@COOL@listlen=\count480
\c@COOL@listpointer=\count481
\c@COOL@intsum=\count482
\c@COOL@register@ct=\count483
\c@COOL@register@len=\count484
)
(C:\Users\sebas\AppData\Local\Programs\MiKTeX\tex/latex/bbm\bbm.sty
Package: bbm 1999/03/15 V 1.2 provides fonts for set symbols - TH
LaTeX Font Info:    Overwriting math alphabet `\mathbbm' in version `bold'
(Font)                  U/bbm/m/n --> U/bbm/bx/n on input line 33.
LaTeX Font Info:    Overwriting math alphabet `\mathbbmss' in version `bold'
(Font)                  U/bbmss/m/n --> U/bbmss/bx/n on input line 35.
)
\c@COOL@ct=\count485
\c@COOL@ct@=\count486
\c@COOL@multideriv=\count487
\c@COOL@row=\count488
\c@COOL@col=\count489
)
Package csquotes Info: Checking for multilingual support...
Package csquotes Info: ... found 'babel' package.
Package csquotes Info: Adjusting default style.
Package csquotes Info: Redefining alias 'default' -> 'spanish'.
LaTeX Font Info:    Trying to load font information for OT1+ptm on input line 1
42.

(C:\Users\sebas\AppData\Local\Programs\MiKTeX\tex/latex/psnfss\ot1ptm.fd
File: ot1ptm.fd 2001/06/04 font definitions for OT1/ptm.
)

LaTeX Warning: Unused global option(s):
    [times].

(tesis.aux
LaTeX Info: Redefining \. on input line 12.
LaTeX Info: Redefining \% on input line 12.
 (1/planteamiento.aux) (2/marco.aux) (anexos/anexo.aux))
\openout1 = `tesis.aux'.

LaTeX Font Info:    Checking defaults for OML/cmm/m/it on input line 142.
LaTeX Font Info:    ... okay on input line 142.
LaTeX Font Info:    Checking defaults for OMS/cmsy/m/n on input line 142.
LaTeX Font Info:    ... okay on input line 142.
LaTeX Font Info:    Checking defaults for OT1/cmr/m/n on input line 142.
LaTeX Font Info:    ... okay on input line 142.
LaTeX Font Info:    Checking defaults for T1/cmr/m/n on input line 142.
LaTeX Font Info:    ... okay on input line 142.
LaTeX Font Info:    Checking defaults for TS1/cmr/m/n on input line 142.
LaTeX Font Info:    ... okay on input line 142.
LaTeX Font Info:    Checking defaults for OMX/cmex/m/n on input line 142.
LaTeX Font Info:    ... okay on input line 142.
LaTeX Font Info:    Checking defaults for U/cmr/m/n on input line 142.
LaTeX Font Info:    ... okay on input line 142.
LaTeX Font Info:    Checking defaults for PD1/pdf/m/n on input line 142.
LaTeX Font Info:    ... okay on input line 142.
LaTeX Font Info:    Checking defaults for PU/pdf/m/n on input line 142.
LaTeX Font Info:    ... okay on input line 142.

*geometry* driver: auto-detecting
*geometry* detected driver: pdftex
*geometry* verbose mode - [ preamble ] result:
* driver: pdftex
* paper: a4paper
* layout: <same size as paper>
* layoutoffset:(h,v)=(0.0pt,0.0pt)
* modes: 
* h-part:(L,W,R)=(72.2698pt, 452.96826pt, 72.2698pt)
* v-part:(T,H,B)=(72.2698pt, 700.50723pt, 72.2698pt)
* \paperwidth=597.50787pt
* \paperheight=845.04684pt
* \textwidth=452.96826pt
* \textheight=700.50723pt
* \oddsidemargin=-0.00018pt
* \evensidemargin=-0.00018pt
* \topmargin=-37.00018pt
* \headheight=12.0pt
* \headsep=25.0pt
* \topskip=12.0pt
* \footskip=30.0pt
* \marginparwidth=44.0pt
* \marginparsep=10.0pt
* \columnsep=20.0pt
* \skip\footins=10.8pt plus 4.0pt minus 2.0pt
* \hoffset=0.0pt
* \voffset=0.0pt
* \mag=1000
* \@twocolumnfalse
* \@twosidefalse
* \@mparswitchfalse
* \@reversemarginfalse
* (1in=72.27pt=25.4mm, 1cm=28.453pt)

LaTeX Info: Redefining \. on input line 142.
LaTeX Info: Redefining \% on input line 142.
Package biblatex Info: Trying to load language 'spanish' -> 'spanish-apa'...
Package biblatex Info: ... file 'spanish-apa.lbx' found.

(C:\Users\sebas\AppData\Local\Programs\MiKTeX\tex/latex/biblatex-apa\spanish-ap
a.lbx
File: spanish-apa.lbx 2023/03/20 v9.17 APA biblatex localisation
Package biblatex Info: Trying to load language 'spanish'...
Package biblatex Info: ... file 'spanish.lbx' found.

(C:\Users\sebas\AppData\Local\Programs\MiKTeX\tex/latex/biblatex/lbx\spanish.lb
x
File: spanish.lbx 2024/03/21 v3.20 biblatex localization (PK/MW)
)
Package biblatex Info: Trying to load language 'spanish'...
Package biblatex Info: ... file 'spanish.lbx' found.

(C:\Users\sebas\AppData\Local\Programs\MiKTeX\tex/latex/biblatex/lbx\spanish.lb
x
File: spanish.lbx 2024/03/21 v3.20 biblatex localization (PK/MW)
))
Package biblatex Info: Input encoding 'utf8' detected.
Package biblatex Info: Automatic encoding selection.
(biblatex)             Assuming data encoding 'utf8'.
\openout3 = `tesis.bcf'.

Package biblatex Info: Trying to load bibliographic data...
Package biblatex Info: ... file 'tesis.bbl' found.
 (tesis.bbl)
Package biblatex Info: Reference section=0 on input line 142.
Package biblatex Info: Reference segment=0 on input line 142.
Package hyperref Info: Link coloring ON on input line 142.
 (tesis.out) (tesis.out)
\@outlinefile=\write4
\openout4 = `tesis.out'.


(C:\Users\sebas\AppData\Local\Programs\MiKTeX\tex/context/base/mkii\supp-pdf.mk
ii
[Loading MPS to PDF converter (version 2006.09.02).]
\scratchcounter=\count490
\scratchdimen=\dimen260
\scratchbox=\box112
\nofMPsegments=\count491
\nofMParguments=\count492
\everyMPshowfont=\toks34
\MPscratchCnt=\count493
\MPscratchDim=\dimen261
\MPnumerator=\count494
\makeMPintoPDFobject=\count495
\everyMPtoPDFconversion=\toks35
)
(C:\Users\sebas\AppData\Local\Programs\MiKTeX\tex/latex/epstopdf-pkg\epstopdf-b
ase.sty
Package: epstopdf-base 2020-01-24 v2.11 Base part for package epstopdf
Package epstopdf-base Info: Redefining graphics rule for `.eps' on input line 4
85.

(C:\Users\sebas\AppData\Local\Programs\MiKTeX\tex/latex/00miktex\epstopdf-sys.c
fg
File: epstopdf-sys.cfg 2021/03/18 v2.0 Configuration of epstopdf for MiKTeX
))
Package caption Info: Begin \AtBeginDocument code.
Package caption Info: rotating package is loaded.
Package caption Info: End \AtBeginDocument code.

(C:\Users\sebas\AppData\Local\Programs\MiKTeX\tex/latex/translations/dicts\tran
slations-basic-dictionary-spanish.trsl
File: translations-basic-dictionary-spanish.trsl (spanish translation file `tra
nslations-basic-dictionary')
)
Package translations Info: loading dictionary `translations-basic-dictionary' f
or `spanish'. on input line 142.
<images_repo/esanlogomin.png, id=207, 100.6962pt x 100.2144pt>
File: images_repo/esanlogomin.png Graphic file (type png)
<use images_repo/esanlogomin.png>
Package pdftex.def Info: images_repo/esanlogomin.png  used on input line 148.
(pdftex.def)             Requested size: 203.83434pt x 202.87491pt.
 [1

{C:/Users/sebas/AppData/Local/MiKTeX/fonts/map/pdftex/pdftex.map}{C:/Users/seba
s/AppData/Local/Programs/MiKTeX/fonts/enc/dvips/base/8r.enc} <./images_repo/esa
nlogomin.png>] (tesis.toc
LaTeX Info: Redefining \sptext on input line 1.
LaTeX Info: Redefining \. on input line 1.
LaTeX Info: Redefining \% on input line 1.
LaTeX Font Info:    Trying to load font information for OT1+ztmcm on input line
 3.

(C:\Users\sebas\AppData\Local\Programs\MiKTeX\tex/latex/psnfss\ot1ztmcm.fd
File: ot1ztmcm.fd 2000/01/03 Fontinst v1.801 font definitions for OT1/ztmcm.
)
LaTeX Font Info:    Trying to load font information for OML+ztmcm on input line
 3.

(C:\Users\sebas\AppData\Local\Programs\MiKTeX\tex/latex/psnfss\omlztmcm.fd
File: omlztmcm.fd 2000/01/03 Fontinst v1.801 font definitions for OML/ztmcm.
)
LaTeX Font Info:    Trying to load font information for OMS+ztmcm on input line
 3.

(C:\Users\sebas\AppData\Local\Programs\MiKTeX\tex/latex/psnfss\omsztmcm.fd
File: omsztmcm.fd 2000/01/03 Fontinst v1.801 font definitions for OMS/ztmcm.
)
LaTeX Font Info:    Trying to load font information for OMX+ztmcm on input line
 3.

(C:\Users\sebas\AppData\Local\Programs\MiKTeX\tex/latex/psnfss\omxztmcm.fd
File: omxztmcm.fd 2000/01/03 Fontinst v1.801 font definitions for OMX/ztmcm.
)
LaTeX Font Info:    Font shape `OT1/ptm/bx/n' in size <12> not available
(Font)              Font shape `OT1/ptm/b/n' tried instead on input line 3.
LaTeX Font Info:    Font shape `OT1/ptm/bx/n' in size <9> not available
(Font)              Font shape `OT1/ptm/b/n' tried instead on input line 3.
LaTeX Font Info:    Font shape `OT1/ptm/bx/n' in size <7> not available
(Font)              Font shape `OT1/ptm/b/n' tried instead on input line 3.

pdfTeX warning (ext4): destination with the same identifier (name{page.1}) has 
been already used, duplicate ignored
<to be read again> 
                   \relax 
l.22 ...mberline {2}MARCO TEÓRICO}{11}{chapter.2}
                                                  % [1

]

LaTeX Warning: Citation 'pr_A_Chatbot_for_Information_Security' on page 2 undef
ined on input line 24.


Overfull \hbox (29.6915pt too wide) in paragraph at lines 24--24
 [][] [][][]\OT1/ptm/m/n/12 A Chat-bot for In-for-ma-tion Se-cu-rity ([])[][] [
][]  
 []


LaTeX Warning: Citation 'ts_ICAITD' on page 2 undefined on input line 29.


LaTeX Warning: Citation 'ts_CDRNRMPC' on page 2 undefined on input line 34.


LaTeX Warning: Citation 'pr_DDAIHWC' on page 2 undefined on input line 39.


LaTeX Warning: Citation 'pr_AIPCMHBSA' on page 2 undefined on input line 44.

)
\tf@toc=\write5
\openout5 = `tesis.toc'.

LaTeX Info: Redefining \. on input line 195.
LaTeX Info: Redefining \% on input line 195.
 [2]
\openout2 = `1/planteamiento.aux'.

 (1/planteamiento.tex
Cap\'{\i }tulo 1.

LaTeX Warning: Citation 'cr_elcomercioproduccionpapa' on page 3 undefined on in
put line 5.


LaTeX Warning: Citation 'cr_agroinforma1' on page 3 undefined on input line 8.


LaTeX Warning: Citation 'minagri_estadisticas_2022' on page 3 undefined on inpu
t line 8.


LaTeX Warning: Citation 'inei_cenagro_2022' on page 3 undefined on input line 8
.

LaTeX Font Info:    Trying to load font information for TS1+ptm on input line 1
0.
(C:\Users\sebas\AppData\Local\Programs\MiKTeX\tex/latex/psnfss\ts1ptm.fd
File: ts1ptm.fd 2001/06/04 font definitions for TS1/ptm.
)

LaTeX Warning: Citation 'cr_rancha1' on page 3 undefined on input line 10.


LaTeX Warning: Citation 'cr_rancha2' on page 3 undefined on input line 10.

[3


]
<1/figures/evolucionrancha.png, id=265, 853.1875pt x 290.08376pt>
File: 1/figures/evolucionrancha.png Graphic file (type png)
<use 1/figures/evolucionrancha.png>
Package pdftex.def Info: 1/figures/evolucionrancha.png  used on input line 14.
(pdftex.def)             Requested size: 294.4266pt x 100.10555pt.


LaTeX Warning: Citation 'cr_gestion2018emprend' on page 4 undefined on input li
ne 16.


LaTeX Warning: Citation 'cr_gestion2018emprend' on page 4 undefined on input li
ne 16.


LaTeX Warning: Citation 'cr_rancha6' on page 4 undefined on input line 21.


LaTeX Warning: Citation 'cr_rancha3' on page 4 undefined on input line 23.


LaTeX Warning: Citation 'cr_rancha4' on page 4 undefined on input line 23.


LaTeX Warning: Citation 'cr_rancha5' on page 4 undefined on input line 23.


LaTeX Warning: Citation 'cr_agroinforma2' on page 4 undefined on input line 25.


LaTeX Info: Redefining \. on input line 26.
LaTeX Info: Redefining \% on input line 26.
[4 <./1/figures/evolucionrancha.png>]

LaTeX Warning: Citation 'cr_iaplanta' on page 5 undefined on input line 27.


LaTeX Warning: Citation 'cr_iaplanta2' on page 5 undefined on input line 29.

LaTeX Info: Redefining \. on input line 32.
LaTeX Info: Redefining \% on input line 32.
[5]
Overfull \hbox (15.45798pt too wide) in paragraph at lines 75--75
[]\OT1/ptm/m/n/12 ?`C[]omo po-de-mos de-sa-rro-llar un sis-te-ma de cla-si-fi-c
a-ci[]on au-tom[]ati-ca de -an-cha"Phytophthora
 []

LaTeX Info: Redefining \. on input line 87.
LaTeX Info: Redefining \% on input line 87.
[6]
Overfull \hbox (26.77327pt too wide) in paragraph at lines 136--137
\OT1/ptm/m/n/12 im[]age-nes per-mi-tir[]a de-sa-rro-llar un sis-te-ma de cla-si
-fi-ca-ci[]on au-tom[]ati-ca de -an-cha"Phytophthora
 []

LaTeX Info: Redefining \. on input line 138.
LaTeX Info: Redefining \% on input line 138.
[7]
LaTeX Info: Redefining \. on input line 154.
LaTeX Info: Redefining \% on input line 154.
 [8]
LaTeX Info: Redefining \. on input line 170.
LaTeX Info: Redefining \% on input line 170.
 [9])
LaTeX Info: Redefining \. on input line 195.
LaTeX Info: Redefining \% on input line 195.
 [10]
\openout2 = `2/marco.aux'.

 (2/marco.tex
Cap\'{\i }tulo 2.
(2/1_antecedentes/antecedentes.tex

LaTeX Warning: Citation 'pr_A_Chatbot_for_Information_Security' on page 11 unde
fined on input line 4.


Overfull \hbox (65.18137pt too wide) in paragraph at lines 4--4
[]\OT1/ptm/b/n/14.4 A Chat-bot for In-for-ma-tion Se-cu-rity ([]) 
 []


Package hyperref Warning: Token not allowed in a PDF string (Unicode):
(hyperref)                removing `\citep' on input line 4.


Package hyperref Warning: Token not allowed in a PDF string (Unicode):
(hyperref)                removing `subscript' on input line 4.


Package hyperref Warning: Token not allowed in a PDF string (Unicode):
(hyperref)                removing `subscript' on input line 4.


Package hyperref Warning: Token not allowed in a PDF string (Unicode):
(hyperref)                removing `subscript' on input line 4.


Package hyperref Warning: Token not allowed in a PDF string (Unicode):
(hyperref)                removing `subscript' on input line 4.


Package hyperref Warning: Token not allowed in a PDF string (Unicode):
(hyperref)                removing `subscript' on input line 4.


LaTeX Warning: Citation 'pr_A_Chatbot_for_Information_Security' on page 11 unde
fined on input line 6.


LaTeX Warning: Citation 'pr_A_Chatbot_for_Information_Security' on page 11 unde
fined on input line 7.

[11




]
<2/figures/1_1.png, id=312, 459.21562pt x 195.73125pt>
File: 2/figures/1_1.png Graphic file (type png)
<use 2/figures/1_1.png>
Package pdftex.def Info: 2/figures/1_1.png  used on input line 27.
(pdftex.def)             Requested size: 452.96826pt x 193.07864pt.


LaTeX Warning: Citation 'pr_A_Chatbot_for_Information_Security' on page 12 unde
fined on input line 28.


LaTeX Warning: Citation 'pr_A_Chatbot_for_Information_Security' on page 12 unde
fined on input line 28.

<2/figures/1_2.png, id=313, 290.58563pt x 365.11406pt>
File: 2/figures/1_2.png Graphic file (type png)
<use 2/figures/1_2.png>
Package pdftex.def Info: 2/figures/1_2.png  used on input line 34.
(pdftex.def)             Requested size: 226.48413pt x 284.57611pt.

LaTeX Warning: Citation 'pr_A_Chatbot_for_Information_Security' on page 12 unde
fined on input line 35.


LaTeX Warning: Citation 'pr_A_Chatbot_for_Information_Security' on page 12 unde
fined on input line 35.


Underfull \hbox (badness 10000) in paragraph at lines 35--35
[]\OT1/ptm/b/n/10.95 Figura 2.2: |\OT1/ptm/m/n/10.95 Ac-cio-nes se-gui-das por 
el chat-bot pro-pues-to
 []


LaTeX Warning: `h' float specifier changed to `ht'.

LaTeX Info: Redefining \. on input line 42.
LaTeX Info: Redefining \% on input line 42.
[12 <./2/figures/1_1.png>]

LaTeX Warning: Citation 'ts_ICAITD' on page 13 undefined on input line 45.


Package hyperref Warning: Token not allowed in a PDF string (Unicode):
(hyperref)                removing `\citep' on input line 45.


Package hyperref Warning: Token not allowed in a PDF string (Unicode):
(hyperref)                removing `subscript' on input line 45.


LaTeX Warning: Citation 'ts_ICAITD' on page 13 undefined on input line 47.


LaTeX Warning: Citation 'ts_ICAITD' on page 13 undefined on input line 48.

LaTeX Info: Redefining \. on input line 54.
LaTeX Info: Redefining \% on input line 54.
[13 <./2/figures/1_2.png>]
<2/figures/2_1.png, id=331, 330.48468pt x 216.05719pt>
File: 2/figures/2_1.png Graphic file (type png)
<use 2/figures/2_1.png>
Package pdftex.def Info: 2/figures/2_1.png  used on input line 61.
(pdftex.def)             Requested size: 271.7837pt x 177.6889pt.


LaTeX Warning: Citation 'ts_ICAITD' on page 14 undefined on input line 62.


LaTeX Warning: Citation 'ts_ICAITD' on page 14 undefined on input line 62.

<2/figures/2_2.png, id=332, 679.78969pt x 161.85469pt>
File: 2/figures/2_2.png Graphic file (type png)
<use 2/figures/2_2.png>
Package pdftex.def Info: 2/figures/2_2.png  used on input line 68.
(pdftex.def)             Requested size: 452.96826pt x 107.84933pt.

LaTeX Warning: Citation 'ts_ICAITD' on page 14 undefined on input line 69.


LaTeX Warning: Citation 'ts_ICAITD' on page 14 undefined on input line 69.

LaTeX Info: Redefining \. on input line 78.
LaTeX Info: Redefining \% on input line 78.
[14 <./2/figures/2_1.png> <./2/figures/2_2.png>]
Overfull \hbox (17.84622pt too wide) in paragraph at lines 82--83
[]\OT1/ptm/m/n/12 Luego de ob-te-ner los re-sul-ta-dos se al-ma-ce-na los logs 
co-rres-pon-dien-tes y "feed-back"necesario
 []

<2/figures/2_3.png, id=341, 858.95906pt x 483.30562pt>
File: 2/figures/2_3.png Graphic file (type png)
<use 2/figures/2_3.png>
Package pdftex.def Info: 2/figures/2_3.png  used on input line 88.
(pdftex.def)             Requested size: 452.96826pt x 254.86757pt.

LaTeX Warning: Citation 'ts_ICAITD' on page 15 undefined on input line 89.


LaTeX Warning: Citation 'ts_ICAITD' on page 15 undefined on input line 89.

LaTeX Info: Redefining \. on input line 96.
LaTeX Info: Redefining \% on input line 96.
[15 <./2/figures/2_3.png>]

LaTeX Warning: Citation 'ts_CDRNRMPC' on page 16 undefined on input line 99.


Package hyperref Warning: Token not allowed in a PDF string (Unicode):
(hyperref)                removing `\citep' on input line 99.


Package hyperref Warning: Token not allowed in a PDF string (Unicode):
(hyperref)                removing `subscript' on input line 99.


LaTeX Warning: Citation 'ts_CDRNRMPC' on page 16 undefined on input line 101.


LaTeX Warning: Citation 'ts_CDRNRMPC' on page 16 undefined on input line 102.


Overfull \hbox (23.90846pt too wide) in paragraph at lines 101--103
\OT1/ptm/m/n/12 tos de su uni-ver-si-dad []Uni-ver-si-dad de Can-ta-bria[] en e
l a[]no 2021. Es-te fue ti-tu-la-do []. 
 []

LaTeX Info: Redefining \. on input line 119.
LaTeX Info: Redefining \% on input line 119.
[16]
<2/figures/3_1.png, id=360, 621.82312pt x 261.22594pt>
File: 2/figures/3_1.png Graphic file (type png)
<use 2/figures/3_1.png>
Package pdftex.def Info: 2/figures/3_1.png  used on input line 125.
(pdftex.def)             Requested size: 452.96826pt x 190.29074pt.


LaTeX Warning: Citation 'ts_CDRNRMPC' on page 17 undefined on input line 126.


LaTeX Warning: Citation 'ts_CDRNRMPC' on page 17 undefined on input line 126.


LaTeX Warning: Citation 'pr_DDAIHWC' on page 17 undefined on input line 138.


Overfull \hbox (12.86824pt too wide) in paragraph at lines 138--138
[]\OT1/ptm/b/n/14.4 Design and De-ve-lop-ment of AI-Powered Health-ca-re WhatsA
pp Chat-
 []


Package hyperref Warning: Token not allowed in a PDF string (Unicode):
(hyperref)                removing `\citep' on input line 138.


Package hyperref Warning: Token not allowed in a PDF string (Unicode):
(hyperref)                removing `subscript' on input line 138.


LaTeX Warning: Citation 'pr_DDAIHWC' on page 17 undefined on input line 140.


LaTeX Warning: Citation 'pr_DDAIHWC' on page 17 undefined on input line 141.

LaTeX Info: Redefining \. on input line 143.
LaTeX Info: Redefining \% on input line 143.
[17 <./2/figures/3_1.png>]
<2/figures/4_1.png, id=370, 752.0597pt x 387.69844pt>
File: 2/figures/4_1.png Graphic file (type png)
<use 2/figures/4_1.png>
Package pdftex.def Info: 2/figures/4_1.png  used on input line 164.
(pdftex.def)             Requested size: 452.96826pt x 233.52005pt.


LaTeX Warning: Citation 'pr_DDAIHWC' on page 18 undefined on input line 165.


LaTeX Warning: Citation 'pr_DDAIHWC' on page 18 undefined on input line 165.


LaTeX Warning: `h' float specifier changed to `ht'.

LaTeX Info: Redefining \. on input line 172.
LaTeX Info: Redefining \% on input line 172.
[18]

LaTeX Warning: Citation 'pr_AIPCMHBSA' on page 19 undefined on input line 176.


Package hyperref Warning: Token not allowed in a PDF string (Unicode):
(hyperref)                removing `\citep' on input line 176.


Package hyperref Warning: Token not allowed in a PDF string (Unicode):
(hyperref)                removing `subscript' on input line 176.


LaTeX Warning: Citation 'pr_AIPCMHBSA' on page 19 undefined on input line 178.


LaTeX Warning: Citation 'pr_AIPCMHBSA' on page 19 undefined on input line 179.

LaTeX Info: Redefining \. on input line 184.
LaTeX Info: Redefining \% on input line 184.
[19 <./2/figures/4_1.png>]
<2/figures/5_1.png, id=387, 587.19376pt x 284.56313pt>
File: 2/figures/5_1.png Graphic file (type png)
<use 2/figures/5_1.png>
Package pdftex.def Info: 2/figures/5_1.png  used on input line 192.
(pdftex.def)             Requested size: 452.96826pt x 219.51375pt.


LaTeX Warning: Citation 'pr_AIPCMHBSA' on page 20 undefined on input line 193.


LaTeX Warning: Citation 'pr_AIPCMHBSA' on page 20 undefined on input line 193.

LaTeX Info: Redefining \. on input line 201.
LaTeX Info: Redefining \% on input line 201.
[20 <./2/figures/5_1.png>]
<2/figures/5_2.png, id=394, 441.90094pt x 355.3275pt>
File: 2/figures/5_2.png Graphic file (type png)
<use 2/figures/5_2.png>
Package pdftex.def Info: 2/figures/5_2.png  used on input line 211.
(pdftex.def)             Requested size: 362.37598pt x 291.39752pt.


LaTeX Warning: Citation 'pr_AIPCMHBSA' on page 21 undefined on input line 212.


LaTeX Warning: Citation 'pr_AIPCMHBSA' on page 21 undefined on input line 212.

LaTeX Info: Redefining \. on input line 219.
LaTeX Info: Redefining \% on input line 219.
[21 <./2/figures/5_2.png>]))
LaTeX Info: Redefining \. on input line 196.
LaTeX Info: Redefining \% on input line 196.
 [22]
\openout2 = `anexos/anexo.aux'.

 (anexos/anexo.tex
Anexos A.
LaTeX Font Info:    Font shape `OT1/ptm/bx/n' in size <10.95> not available
(Font)              Font shape `OT1/ptm/b/n' tried instead on input line 7.
LaTeX Font Info:    Font shape `OT1/ptm/bx/n' in size <8> not available
(Font)              Font shape `OT1/ptm/b/n' tried instead on input line 7.
LaTeX Font Info:    Font shape `OT1/ptm/bx/n' in size <6> not available
(Font)              Font shape `OT1/ptm/b/n' tried instead on input line 7.

Underfull \hbox (badness 10000) in paragraph at lines 20--20
[]|\OT1/ptm/m/n/10.95 ?`C[]omo po-de-mos de-sa-rro-
 []


Underfull \hbox (badness 10000) in paragraph at lines 20--20
\OT1/ptm/m/n/10.95 llar un sis-te-ma de cla-si-fi-
 []


Underfull \hbox (badness 10000) in paragraph at lines 20--20
\OT1/ptm/m/n/10.95 ca-ci[]on au-tom[]ati-ca de -an-
 []


Underfull \hbox (badness 1735) in paragraph at lines 20--20
\OT1/ptm/m/n/10.95 cha"Phytophthora in-fes-tans en
 []


Underfull \hbox (badness 1590) in paragraph at lines 20--20
\OT1/ptm/m/n/10.95 si-fi-ca-ci[]on au-tom[]ati-ca de -an-
 []


Underfull \hbox (badness 1377) in paragraph at lines 20--21
\OT1/ptm/m/n/10.95 tir[]a de-sa-rro-llar un sis-te-ma de
 []


Underfull \hbox (badness 1484) in paragraph at lines 22--22
\OT1/ptm/m/n/10.95 da-tos re-pre-sen-ta-ti-vo y di-ver-so
 []


Underfull \hbox (badness 1546) in paragraph at lines 24--24
[]|\OT1/ptm/m/n/10.95 Identificar las t[]ecni-cas de vi-
 []


Underfull \hbox (badness 2818) in paragraph at lines 26--26
[]|\OT1/ptm/m/n/10.95 ?`C[]omo re-du-cir el tiem-po de
 []


Underfull \hbox (badness 5022) in paragraph at lines 26--26
\OT1/ptm/m/n/10.95 pro-ce-sa-mien-to re-que-ri-do pa-ra
 []


Underfull \hbox (badness 1173) in paragraph at lines 26--27
\OT1/ptm/m/n/10.95 tacio-nal per-mi-tir[]a un pro-ce-sa-
 []


Overfull \hbox (11.42305pt too wide) in paragraph at lines 7--30
 [][] 
 []


LaTeX Warning: Float too large for page by 91.01427pt on input line 32.


LaTeX Warning: `!h' float specifier changed to `!ht'.

[23





]
LaTeX Info: Redefining \. on input line 36.
LaTeX Info: Redefining \% on input line 36.
 [24]
Anexos B.
LaTeX Font Info:    Font shape `OT1/ptm/bx/n' in size <10> not available
(Font)              Font shape `OT1/ptm/b/n' tried instead on input line 44.
LaTeX Font Info:    Font shape `OT1/ptm/bx/n' in size <7.4> not available
(Font)              Font shape `OT1/ptm/b/n' tried instead on input line 44.

Overfull \hbox (1.37367pt too wide) in paragraph at lines 50--51
[]|[]| 
 []


Underfull \hbox (badness 7326) in paragraph at lines 52--53
[]|\OT1/ptm/m/n/10 Design and De-ve-lop-ment
 []


Underfull \hbox (badness 2310) in paragraph at lines 52--53
\OT1/ptm/m/n/10 of AI-Powered Health-ca-re
 []


Underfull \hbox (badness 10000) in paragraph at lines 53--54
[]|\OT1/ptm/m/n/10 Prakasam S
 []


Underfull \hbox (badness 4995) in paragraph at lines 53--54
\OT1/ptm/m/n/10 krish-nan and
 []


Underfull \hbox (badness 10000) in paragraph at lines 53--54
\OT1/ptm/m/n/10 Kirthic-kram
 []


Overfull \hbox (2.92818pt too wide) in paragraph at lines 54--55
[]|\OT1/ptm/m/n/10 2023| 
 []


Underfull \hbox (badness 5771) in paragraph at lines 60--61
[]|\OT1/ptm/m/n/10 Artificial In-te-lli-gen-ce Po-
 []


Underfull \hbox (badness 1168) in paragraph at lines 60--61
\OT1/ptm/m/n/10 we-red Chat-bot for Men-tal
 []


Underfull \hbox (badness 10000) in paragraph at lines 61--62
[]|\OT1/ptm/m/n/10 Ansh Meh-ta
 []


Underfull \hbox (badness 4995) in paragraph at lines 61--62
\OT1/ptm/m/n/10 and Sukha-da
 []


Underfull \hbox (badness 10000) in paragraph at lines 61--62
\OT1/ptm/m/n/10 Vir-kar and
 []


Underfull \hbox (badness 10000) in paragraph at lines 61--62
\OT1/ptm/m/n/10 Jay Kha-tri
 []


Underfull \hbox (badness 10000) in paragraph at lines 61--62
\OT1/ptm/m/n/10 and Rhu-tu-ja
 []


Underfull \hbox (badness 10000) in paragraph at lines 61--62
\OT1/ptm/m/n/10 Tha-kur and
 []


Overfull \hbox (2.92818pt too wide) in paragraph at lines 62--63
[]|\OT1/ptm/m/n/10 2022| 
 []


Overfull \hbox (1.37367pt too wide) in paragraph at lines 67--68
[]|[]| 
 []


Underfull \hbox (badness 10000) in paragraph at lines 71--72
[]|\OT1/ptm/m/n/10 Jorge Cor-
 []


Underfull \hbox (badness 10000) in paragraph at lines 71--72
\OT1/ptm/m/n/10 de-ro, Luis
 []


Underfull \hbox (badness 10000) in paragraph at lines 71--72
\OT1/ptm/m/n/10 Barba-
 []


Underfull \hbox (badness 10000) in paragraph at lines 71--72
\OT1/ptm/m/n/10 Guaman
 []


Underfull \hbox (badness 10000) in paragraph at lines 71--72
\OT1/ptm/m/n/10 and Fran-co
 []


Overfull \hbox (2.92818pt too wide) in paragraph at lines 72--73
[]|\OT1/ptm/m/n/10 2022| 
 []


Overfull \hbox (2.92818pt too wide) in paragraph at lines 79--80
[]|\OT1/ptm/m/n/10 2021| 
 []


Underfull \hbox (badness 4429) in paragraph at lines 81--82
[]|\OT1/ptm/m/n/10 Revista Cu-ba-na de
 []


Overfull \hbox (1.37367pt too wide) in paragraph at lines 84--85
[]|[]| 
 []


Underfull \hbox (badness 2111) in paragraph at lines 86--87
[]|\OT1/ptm/m/n/10 The Scien-ce of De-tec-ting
 []


Underfull \hbox (badness 10000) in paragraph at lines 87--88
[]|\OT1/ptm/m/n/10 Ruixiang
 []


Overfull \hbox (2.92818pt too wide) in paragraph at lines 88--89
[]|\OT1/ptm/m/n/10 2024| 
 []


Underfull \hbox (badness 7012) in paragraph at lines 90--91
[]|\OT1/ptm/m/n/10 Communications of
 []


Overfull \hbox (2.92818pt too wide) in paragraph at lines 97--98
[]|\OT1/ptm/m/n/10 2020| 
 []


Underfull \hbox (badness 10000) in paragraph at lines 99--100
[]|\OT1/ptm/m/n/10 International Con-
 []


Underfull \hbox (badness 1990) in paragraph at lines 99--100
\OT1/ptm/m/n/10 ni-ca-tion and Sig-nal
 []


Overfull \hbox (2.92818pt too wide) in paragraph at lines 105--106
[]|\OT1/ptm/m/n/10 2024| 
 []


Underfull \hbox (badness 10000) in paragraph at lines 107--108
\OT1/ptm/m/n/10 for Re-search in
 []


Underfull \hbox (badness 2932) in paragraph at lines 107--108
\OT1/ptm/m/n/10 Ap-plied Scien-ce &
 []


Underfull \hbox (badness 10000) in paragraph at lines 112--113
[]|\OT1/ptm/m/n/10 Revisiting uni-ver-sity stu-
 []


Underfull \hbox (badness 2401) in paragraph at lines 112--113
\OT1/ptm/m/n/10 dents' in-ten-tion to ac-cept
 []


Underfull \hbox (badness 4954) in paragraph at lines 112--113
\OT1/ptm/m/n/10 in-te-gra-tion bet-ween TAM
 []


Underfull \hbox (badness 3323) in paragraph at lines 112--113
\OT1/ptm/m/n/10 and SCT: a south Asian
 []


Underfull \hbox (badness 10000) in paragraph at lines 113--114
[]|\OT1/ptm/m/n/10 Md. Ra-biul
 []


Underfull \hbox (badness 10000) in paragraph at lines 113--114
\OT1/ptm/m/n/10 Awal and
 []


Underfull \hbox (badness 10000) in paragraph at lines 113--114
\OT1/ptm/m/n/10 Md. Enamul
 []


Overfull \hbox (2.92818pt too wide) in paragraph at lines 114--115
[]|\OT1/ptm/m/n/10 2024| 
 []


Underfull \hbox (badness 10000) in paragraph at lines 116--118
[]|\OT1/ptm/m/n/10 ResearchGate -
 []


Underfull \hbox (badness 4120) in paragraph at lines 116--118
\OT1/ptm/m/n/10 Jour-nal of Ap-plied
 []


Underfull \hbox (badness 2005) in paragraph at lines 116--118
\OT1/ptm/m/n/10 Re-search in Higher
 []


LaTeX Warning: Float too large for page by 31.17427pt on input line 122.


LaTeX Warning: `h' float specifier changed to `ht'.

[25

]
LaTeX Info: Redefining \. on input line 125.
LaTeX Info: Redefining \% on input line 125.
 [26]
Anexos C.
<anexos/arbol_problema.jpg, id=428, 963.6pt x 542.025pt>
File: anexos/arbol_problema.jpg Graphic file (type jpg)
<use anexos/arbol_problema.jpg>
Package pdftex.def Info: anexos/arbol_problema.jpg  used on input line 129.
(pdftex.def)             Requested size: 339.7262pt x 191.09277pt.
[27

 <./anexos/arbol_problema.jpg>]
Anexos D.
<anexos/arbol_objetivos.jpg, id=433, 963.6pt x 542.025pt>
File: anexos/arbol_objetivos.jpg Graphic file (type jpg)
<use anexos/arbol_objetivos.jpg>
Package pdftex.def Info: anexos/arbol_objetivos.jpg  used on input line 140.
(pdftex.def)             Requested size: 339.7262pt x 191.09277pt.
) [28

 <./anexos/arbol_objetivos.jpg>]

LaTeX Warning: Empty bibliography on input line 214.

(tesis.aux
LaTeX Info: Redefining \sptext on input line 12.
LaTeX Info: Redefining \. on input line 12.
LaTeX Info: Redefining \% on input line 12.
 (1/planteamiento.aux) (2/marco.aux) (anexos/anexo.aux))
 ***********
LaTeX2e <2023-11-01> patch level 1
L3 programming layer <2024-03-14>
 ***********


LaTeX Warning: There were undefined references.

Package rerunfilecheck Info: File `tesis.out' has not changed.
(rerunfilecheck)             Checksum: 10A29BBF263374046DD67DC8A1BEC40D;12344.

Package biblatex Warning: Please (re)run Biber on the file:
(biblatex)                tesis
(biblatex)                and rerun LaTeX afterwards.

Package logreq Info: Writing requests to 'tesis.run.xml'.
\openout1 = `tesis.run.xml'.

 ) 
Here is how much of TeX's memory you used:
 28967 strings out of 474424
 561233 string characters out of 5741740
 1952496 words of memory out of 5000000
 50809 multiletter control sequences out of 15000+600000
 603443 words of font info for 129 fonts, out of 8000000 for 9000
 1141 hyphenation exceptions out of 8191
 66i,32n,81p,2348b,3516s stack positions out of 10000i,1000n,20000p,200000b,200000s
<C:/Users/sebas/AppData/Local/Programs/MiKTeX/fonts/type1/public/amsfonts/cm/
cmsy10.pfb><C:/Users/sebas/AppData/Local/Programs/MiKTeX/fonts/type1/urw/times/
utmb8a.pfb><C:/Users/sebas/AppData/Local/Programs/MiKTeX/fonts/type1/urw/times/
utmr8a.pfb><C:/Users/sebas/AppData/Local/Programs/MiKTeX/fonts/type1/urw/times/
utmri8a.pfb>
Output written on tesis.pdf (29 pages, 1940958 bytes).
PDF statistics:
 485 PDF objects out of 1000 (max. 8388607)
 121 named destinations out of 1000 (max. 500000)
 474 words of extra memory for PDF output out of 10000 (max. 10000000)

